2020-10-19 14:57:58.114  INFO 1772 --- [main] com.EcommerceProductpartApplication      : Starting EcommerceProductpartApplication on DESKTOP-SUBLFE5 with PID 1772 (C:\Users\Justine\Documents\workspace-spring-tool-suite-4-4.8.0.RELEASE\EcommerceProductpart\target\classes started by Justine in C:\Users\Justine\Documents\workspace-spring-tool-suite-4-4.8.0.RELEASE\EcommerceProductpart)
2020-10-19 14:57:58.122  INFO 1772 --- [main] com.EcommerceProductpartApplication      : No active profile set, falling back to default profiles: default
2020-10-19 14:58:00.242  INFO 1772 --- [main] .s.d.r.c.RepositoryConfigurationDelegate : Bootstrapping Spring Data MongoDB repositories in DEFAULT mode.
2020-10-19 14:58:01.074  INFO 1772 --- [main] .s.d.r.c.RepositoryConfigurationDelegate : Finished Spring Data repository scanning in 819ms. Found 1 MongoDB repository interfaces.
2020-10-19 14:58:01.346  INFO 1772 --- [main] trationDelegate$BeanPostProcessorChecker : Bean 'org.springframework.ws.config.annotation.DelegatingWsConfiguration' of type [org.springframework.ws.config.annotation.DelegatingWsConfiguration$$EnhancerBySpringCGLIB$$2dbc2cb0] is not eligible for getting processed by all BeanPostProcessors (for example: not eligible for auto-proxying)
2020-10-19 14:58:01.421  INFO 1772 --- [main] .w.s.a.s.AnnotationActionEndpointMapping : Supporting [WS-Addressing August 2004, WS-Addressing 1.0]
2020-10-19 14:58:01.695  INFO 1772 --- [main] o.s.b.w.embedded.tomcat.TomcatWebServer  : Tomcat initialized with port(s): 8080 (http)
2020-10-19 14:58:01.705  INFO 1772 --- [main] o.apache.catalina.core.StandardService   : Starting service [Tomcat]
2020-10-19 14:58:01.706  INFO 1772 --- [main] org.apache.catalina.core.StandardEngine  : Starting Servlet engine: [Apache Tomcat/9.0.38]
2020-10-19 14:58:01.861  INFO 1772 --- [main] o.a.c.c.C.[Tomcat].[localhost].[/]       : Initializing Spring embedded WebApplicationContext
2020-10-19 14:58:01.861  INFO 1772 --- [main] w.s.c.ServletWebServerApplicationContext : Root WebApplicationContext: initialization completed in 3654 ms
2020-10-19 14:58:02.079  INFO 1772 --- [main] org.mongodb.driver.cluster               : Cluster created with settings {hosts=[localhost:27017], mode=SINGLE, requiredClusterType=UNKNOWN, serverSelectionTimeout='30000 ms'}
2020-10-19 14:58:02.153  INFO 1772 --- [cluster-ClusterId{value='5f8d5c226faf8f553165eb97', description='null'}-localhost:27017] org.mongodb.driver.connection            : Opened connection [connectionId{localValue:1, serverValue:181}] to localhost:27017
2020-10-19 14:58:02.162  INFO 1772 --- [cluster-ClusterId{value='5f8d5c226faf8f553165eb97', description='null'}-localhost:27017] org.mongodb.driver.cluster               : Monitor thread successfully connected to server with description ServerDescription{address=localhost:27017, type=STANDALONE, state=CONNECTED, ok=true, minWireVersion=0, maxWireVersion=9, maxDocumentSize=16777216, logicalSessionTimeoutMinutes=30, roundTripTimeNanos=4059300}
2020-10-19 14:58:03.113  INFO 1772 --- [main] o.s.s.concurrent.ThreadPoolTaskExecutor  : Initializing ExecutorService 'applicationTaskExecutor'
2020-10-19 14:58:03.392  INFO 1772 --- [main] o.s.b.w.embedded.tomcat.TomcatWebServer  : Tomcat started on port(s): 8080 (http) with context path ''
2020-10-19 14:58:03.408  INFO 1772 --- [main] com.EcommerceProductpartApplication      : Started EcommerceProductpartApplication in 5.75 seconds (JVM running for 7.329)
2020-10-19 14:58:38.101  INFO 1772 --- [http-nio-8080-exec-1] o.a.c.c.C.[Tomcat].[localhost].[/]       : Initializing Spring DispatcherServlet 'dispatcherServlet'
2020-10-19 14:58:38.102  INFO 1772 --- [http-nio-8080-exec-1] o.s.web.servlet.DispatcherServlet        : Initializing Servlet 'dispatcherServlet'
2020-10-19 14:58:38.121  INFO 1772 --- [http-nio-8080-exec-1] o.s.web.servlet.DispatcherServlet        : Completed initialization in 19 ms
2020-10-19 14:58:38.246  INFO 1772 --- [http-nio-8080-exec-1] org.mongodb.driver.connection            : Opened connection [connectionId{localValue:2, serverValue:182}] to localhost:27017
2020-10-19 15:00:29.407  WARN 1772 --- [http-nio-8080-exec-5] .w.s.m.s.DefaultHandlerExceptionResolver : Resolved [org.springframework.web.HttpMediaTypeNotSupportedException: Content type '' not supported]
2020-10-19 15:00:56.468  WARN 1772 --- [http-nio-8080-exec-6] .w.s.m.s.DefaultHandlerExceptionResolver : Resolved [org.springframework.web.HttpMediaTypeNotSupportedException: Content type '' not supported]
2020-10-19 15:01:54.649  WARN 1772 --- [http-nio-8080-exec-7] .w.s.m.s.DefaultHandlerExceptionResolver : Resolved [org.springframework.web.HttpMediaTypeNotSupportedException: Content type '' not supported]
2020-10-19 15:02:44.870  WARN 1772 --- [http-nio-8080-exec-8] .w.s.m.s.DefaultHandlerExceptionResolver : Resolved [org.springframework.web.HttpMediaTypeNotSupportedException: Content type '' not supported]
2020-10-19 17:43:53.866  INFO 1772 --- [RMI TCP Connection(174)-127.0.0.1] inMXBeanRegistrar$SpringApplicationAdmin : Application shutdown requested.
2020-10-19 17:43:54.038  INFO 1772 --- [RMI TCP Connection(174)-127.0.0.1] o.s.s.concurrent.ThreadPoolTaskExecutor  : Shutting down ExecutorService 'applicationTaskExecutor'
2020-10-19 17:43:54.052  INFO 1772 --- [RMI TCP Connection(174)-127.0.0.1] org.mongodb.driver.connection            : Closed connection [connectionId{localValue:2, serverValue:182}] to localhost:27017 because the pool has been closed.
2020-10-19 17:44:23.262  INFO 19144 --- [main] com.EcommerceProductpartApplication      : Starting EcommerceProductpartApplication on DESKTOP-SUBLFE5 with PID 19144 (C:\Users\Justine\Documents\workspace-spring-tool-suite-4-4.8.0.RELEASE\EcommerceProductpart\target\classes started by Justine in C:\Users\Justine\Documents\workspace-spring-tool-suite-4-4.8.0.RELEASE\EcommerceProductpart)
2020-10-19 17:44:23.267  INFO 19144 --- [main] com.EcommerceProductpartApplication      : No active profile set, falling back to default profiles: default
2020-10-19 17:44:25.315  INFO 19144 --- [main] .s.d.r.c.RepositoryConfigurationDelegate : Bootstrapping Spring Data MongoDB repositories in DEFAULT mode.
2020-10-19 17:44:26.132  INFO 19144 --- [main] .s.d.r.c.RepositoryConfigurationDelegate : Finished Spring Data repository scanning in 811ms. Found 1 MongoDB repository interfaces.
2020-10-19 17:44:26.389  INFO 19144 --- [main] trationDelegate$BeanPostProcessorChecker : Bean 'org.springframework.ws.config.annotation.DelegatingWsConfiguration' of type [org.springframework.ws.config.annotation.DelegatingWsConfiguration$$EnhancerBySpringCGLIB$$2dbc2cb0] is not eligible for getting processed by all BeanPostProcessors (for example: not eligible for auto-proxying)
2020-10-19 17:44:26.461  INFO 19144 --- [main] .w.s.a.s.AnnotationActionEndpointMapping : Supporting [WS-Addressing August 2004, WS-Addressing 1.0]
2020-10-19 17:44:26.741  INFO 19144 --- [main] o.s.b.w.embedded.tomcat.TomcatWebServer  : Tomcat initialized with port(s): 8080 (http)
2020-10-19 17:44:26.750  INFO 19144 --- [main] o.apache.catalina.core.StandardService   : Starting service [Tomcat]
2020-10-19 17:44:26.751  INFO 19144 --- [main] org.apache.catalina.core.StandardEngine  : Starting Servlet engine: [Apache Tomcat/9.0.38]
2020-10-19 17:44:26.920  INFO 19144 --- [main] o.a.c.c.C.[Tomcat].[localhost].[/]       : Initializing Spring embedded WebApplicationContext
2020-10-19 17:44:26.920  INFO 19144 --- [main] w.s.c.ServletWebServerApplicationContext : Root WebApplicationContext: initialization completed in 3543 ms
2020-10-19 17:44:27.123  INFO 19144 --- [main] org.mongodb.driver.cluster               : Cluster created with settings {hosts=[localhost:27017], mode=SINGLE, requiredClusterType=UNKNOWN, serverSelectionTimeout='30000 ms'}
2020-10-19 17:44:27.214  INFO 19144 --- [cluster-ClusterId{value='5f8d8323d7a7c12bd699a67c', description='null'}-localhost:27017] org.mongodb.driver.connection            : Opened connection [connectionId{localValue:1, serverValue:183}] to localhost:27017
2020-10-19 17:44:27.237  INFO 19144 --- [cluster-ClusterId{value='5f8d8323d7a7c12bd699a67c', description='null'}-localhost:27017] org.mongodb.driver.cluster               : Monitor thread successfully connected to server with description ServerDescription{address=localhost:27017, type=STANDALONE, state=CONNECTED, ok=true, minWireVersion=0, maxWireVersion=9, maxDocumentSize=16777216, logicalSessionTimeoutMinutes=30, roundTripTimeNanos=17428800}
2020-10-19 17:44:28.166  INFO 19144 --- [main] o.s.s.concurrent.ThreadPoolTaskExecutor  : Initializing ExecutorService 'applicationTaskExecutor'
2020-10-19 17:44:28.455  INFO 19144 --- [main] o.s.b.w.embedded.tomcat.TomcatWebServer  : Tomcat started on port(s): 8080 (http) with context path ''
2020-10-19 17:44:28.466  INFO 19144 --- [main] com.EcommerceProductpartApplication      : Started EcommerceProductpartApplication in 5.686 seconds (JVM running for 7.088)
2020-10-19 17:46:53.498  INFO 19144 --- [http-nio-8080-exec-1] o.a.c.c.C.[Tomcat].[localhost].[/]       : Initializing Spring DispatcherServlet 'dispatcherServlet'
2020-10-19 17:46:53.499  INFO 19144 --- [http-nio-8080-exec-1] o.s.web.servlet.DispatcherServlet        : Initializing Servlet 'dispatcherServlet'
2020-10-19 17:46:53.507  INFO 19144 --- [http-nio-8080-exec-1] o.s.web.servlet.DispatcherServlet        : Completed initialization in 8 ms
2020-10-19 17:46:53.774  INFO 19144 --- [http-nio-8080-exec-1] org.mongodb.driver.connection            : Opened connection [connectionId{localValue:2, serverValue:184}] to localhost:27017
2020-10-19 17:46:53.811  INFO 19144 --- [http-nio-8080-exec-1] com.controller.ProductController         : PRODUCT CREATED
2020-10-19 17:48:43.429  INFO 19144 --- [RMI TCP Connection(11)-127.0.0.1] inMXBeanRegistrar$SpringApplicationAdmin : Application shutdown requested.
2020-10-19 17:48:43.539  INFO 19144 --- [RMI TCP Connection(11)-127.0.0.1] o.s.s.concurrent.ThreadPoolTaskExecutor  : Shutting down ExecutorService 'applicationTaskExecutor'
2020-10-19 17:48:43.544  INFO 19144 --- [RMI TCP Connection(11)-127.0.0.1] org.mongodb.driver.connection            : Closed connection [connectionId{localValue:2, serverValue:184}] to localhost:27017 because the pool has been closed.
2020-10-19 17:49:04.268  INFO 9088 --- [main] com.EcommerceProductpartApplication      : Starting EcommerceProductpartApplication on DESKTOP-SUBLFE5 with PID 9088 (C:\Users\Justine\Documents\workspace-spring-tool-suite-4-4.8.0.RELEASE\EcommerceProductpart\target\classes started by Justine in C:\Users\Justine\Documents\workspace-spring-tool-suite-4-4.8.0.RELEASE\EcommerceProductpart)
2020-10-19 17:49:04.275  INFO 9088 --- [main] com.EcommerceProductpartApplication      : No active profile set, falling back to default profiles: default
2020-10-19 17:49:06.205  INFO 9088 --- [main] .s.d.r.c.RepositoryConfigurationDelegate : Bootstrapping Spring Data MongoDB repositories in DEFAULT mode.
2020-10-19 17:49:07.037  INFO 9088 --- [main] .s.d.r.c.RepositoryConfigurationDelegate : Finished Spring Data repository scanning in 825ms. Found 1 MongoDB repository interfaces.
2020-10-19 17:49:07.287  INFO 9088 --- [main] trationDelegate$BeanPostProcessorChecker : Bean 'org.springframework.ws.config.annotation.DelegatingWsConfiguration' of type [org.springframework.ws.config.annotation.DelegatingWsConfiguration$$EnhancerBySpringCGLIB$$6d2b884a] is not eligible for getting processed by all BeanPostProcessors (for example: not eligible for auto-proxying)
2020-10-19 17:49:07.358  INFO 9088 --- [main] .w.s.a.s.AnnotationActionEndpointMapping : Supporting [WS-Addressing August 2004, WS-Addressing 1.0]
2020-10-19 17:49:07.645  INFO 9088 --- [main] o.s.b.w.embedded.tomcat.TomcatWebServer  : Tomcat initialized with port(s): 8080 (http)
2020-10-19 17:49:07.655  INFO 9088 --- [main] o.apache.catalina.core.StandardService   : Starting service [Tomcat]
2020-10-19 17:49:07.656  INFO 9088 --- [main] org.apache.catalina.core.StandardEngine  : Starting Servlet engine: [Apache Tomcat/9.0.38]
2020-10-19 17:49:07.807  INFO 9088 --- [main] o.a.c.c.C.[Tomcat].[localhost].[/]       : Initializing Spring embedded WebApplicationContext
2020-10-19 17:49:07.808  INFO 9088 --- [main] w.s.c.ServletWebServerApplicationContext : Root WebApplicationContext: initialization completed in 3438 ms
2020-10-19 17:49:08.023  INFO 9088 --- [main] org.mongodb.driver.cluster               : Cluster created with settings {hosts=[localhost:27017], mode=SINGLE, requiredClusterType=UNKNOWN, serverSelectionTimeout='30000 ms'}
2020-10-19 17:49:08.123  INFO 9088 --- [cluster-ClusterId{value='5f8d843c8b966921bf77c89f', description='null'}-localhost:27017] org.mongodb.driver.connection            : Opened connection [connectionId{localValue:1, serverValue:185}] to localhost:27017
2020-10-19 17:49:08.137  INFO 9088 --- [cluster-ClusterId{value='5f8d843c8b966921bf77c89f', description='null'}-localhost:27017] org.mongodb.driver.cluster               : Monitor thread successfully connected to server with description ServerDescription{address=localhost:27017, type=STANDALONE, state=CONNECTED, ok=true, minWireVersion=0, maxWireVersion=9, maxDocumentSize=16777216, logicalSessionTimeoutMinutes=30, roundTripTimeNanos=5350900}
2020-10-19 17:49:09.124  INFO 9088 --- [main] o.s.s.concurrent.ThreadPoolTaskExecutor  : Initializing ExecutorService 'applicationTaskExecutor'
2020-10-19 17:49:09.425  INFO 9088 --- [main] o.s.b.w.embedded.tomcat.TomcatWebServer  : Tomcat started on port(s): 8080 (http) with context path ''
2020-10-19 17:49:09.438  INFO 9088 --- [main] com.EcommerceProductpartApplication      : Started EcommerceProductpartApplication in 5.714 seconds (JVM running for 7.128)
2020-10-19 17:49:18.478  INFO 9088 --- [http-nio-8080-exec-1] o.a.c.c.C.[Tomcat].[localhost].[/]       : Initializing Spring DispatcherServlet 'dispatcherServlet'
2020-10-19 17:49:18.478  INFO 9088 --- [http-nio-8080-exec-1] o.s.web.servlet.DispatcherServlet        : Initializing Servlet 'dispatcherServlet'
2020-10-19 17:49:18.497  INFO 9088 --- [http-nio-8080-exec-1] o.s.web.servlet.DispatcherServlet        : Completed initialization in 18 ms
2020-10-19 17:49:18.672  WARN 9088 --- [http-nio-8080-exec-1] javax.persistence.spi                    : javax.persistence.spi::No valid providers found.
2020-10-19 17:53:43.258  INFO 9088 --- [RMI TCP Connection(13)-127.0.0.1] inMXBeanRegistrar$SpringApplicationAdmin : Application shutdown requested.
2020-10-19 17:53:43.381  INFO 9088 --- [RMI TCP Connection(13)-127.0.0.1] o.s.s.concurrent.ThreadPoolTaskExecutor  : Shutting down ExecutorService 'applicationTaskExecutor'
