2020-10-12 13:37:01.033  INFO 5064 --- [main] o.s.boot.SpringApplication               : 
  .   ____          _            __ _ _
 /\\ / ___'_ __ _ _(_)_ __  __ _ \ \ \ \
( ( )\___ | '_ | '_| | '_ \/ _` | \ \ \ \
 \\/  ___)| |_)| | | | | || (_| |  ) ) ) )
  '  |____| .__|_| |_|_| |_\__, | / / / /
 =========|_|==============|___/=/_/_/_/
[32m :: Spring Boot :: [39m      [2m (v2.3.4.RELEASE)[0;39m


2020-10-12 13:37:01.209  INFO 5064 --- [main] com.Student.StudentCurdDemoApplication   : Starting StudentCurdDemoApplication on INV-JUSTINE with PID 5064 (C:\Users\hp\Documents\workspace-spring-tool-suite-4-4.8.0.RELEASE\StudentCurdDemo\target\classes started by hp in C:\Users\hp\Documents\workspace-spring-tool-suite-4-4.8.0.RELEASE\StudentCurdDemo)
2020-10-12 13:37:01.212  INFO 5064 --- [main] com.Student.StudentCurdDemoApplication   : No active profile set, falling back to default profiles: default
2020-10-12 13:37:02.709  INFO 5064 --- [main] .s.d.r.c.RepositoryConfigurationDelegate : Bootstrapping Spring Data JPA repositories in DEFERRED mode.
2020-10-12 13:37:02.877  INFO 5064 --- [main] .s.d.r.c.RepositoryConfigurationDelegate : Finished Spring Data repository scanning in 154ms. Found 1 JPA repository interfaces.
2020-10-12 13:37:03.378  INFO 5064 --- [main] trationDelegate$BeanPostProcessorChecker : Bean 'org.springframework.ws.config.annotation.DelegatingWsConfiguration' of type [org.springframework.ws.config.annotation.DelegatingWsConfiguration$$EnhancerBySpringCGLIB$$fa2c9d1e] is not eligible for getting processed by all BeanPostProcessors (for example: not eligible for auto-proxying)
2020-10-12 13:37:03.484  INFO 5064 --- [main] .w.s.a.s.AnnotationActionEndpointMapping : Supporting [WS-Addressing August 2004, WS-Addressing 1.0]
2020-10-12 13:37:04.000  INFO 5064 --- [main] o.s.b.w.embedded.tomcat.TomcatWebServer  : Tomcat initialized with port(s): 8080 (http)
2020-10-12 13:37:04.019  INFO 5064 --- [main] o.apache.catalina.core.StandardService   : Starting service [Tomcat]
2020-10-12 13:37:04.020  INFO 5064 --- [main] org.apache.catalina.core.StandardEngine  : Starting Servlet engine: [Apache Tomcat/9.0.38]
2020-10-12 13:37:04.287  INFO 5064 --- [main] o.a.c.c.C.[Tomcat].[localhost].[/]       : Initializing Spring embedded WebApplicationContext
2020-10-12 13:37:04.288  INFO 5064 --- [main] w.s.c.ServletWebServerApplicationContext : Root WebApplicationContext: initialization completed in 2970 ms
2020-10-12 13:37:04.573  INFO 5064 --- [main] o.s.s.concurrent.ThreadPoolTaskExecutor  : Initializing ExecutorService 'applicationTaskExecutor'
2020-10-12 13:37:04.657  INFO 5064 --- [task-1] o.hibernate.jpa.internal.util.LogHelper  : HHH000204: Processing PersistenceUnitInfo [name: default]
2020-10-12 13:37:04.816  INFO 5064 --- [task-1] org.hibernate.Version                    : HHH000412: Hibernate ORM core version 5.4.21.Final
2020-10-12 13:37:05.002  WARN 5064 --- [main] JpaBaseConfiguration$JpaWebConfiguration : spring.jpa.open-in-view is enabled by default. Therefore, database queries may be performed during view rendering. Explicitly configure spring.jpa.open-in-view to disable this warning
2020-10-12 13:37:05.258  INFO 5064 --- [task-1] o.hibernate.annotations.common.Version   : HCANN000001: Hibernate Commons Annotations {5.1.0.Final}
2020-10-12 13:37:05.573  INFO 5064 --- [task-1] com.zaxxer.hikari.HikariDataSource       : HikariPool-1 - Starting...
2020-10-12 13:37:05.769  INFO 5064 --- [main] o.s.b.w.embedded.tomcat.TomcatWebServer  : Tomcat started on port(s): 8080 (http) with context path ''
2020-10-12 13:37:05.773  INFO 5064 --- [main] DeferredRepositoryInitializationListener : Triggering deferred initialization of Spring Data repositories…
2020-10-12 13:37:06.344  INFO 5064 --- [task-1] com.zaxxer.hikari.HikariDataSource       : HikariPool-1 - Start completed.
2020-10-12 13:37:06.372  INFO 5064 --- [task-1] org.hibernate.dialect.Dialect            : HHH000400: Using dialect: org.hibernate.dialect.MySQL5InnoDBDialect
2020-10-12 13:37:08.120  INFO 5064 --- [task-1] o.h.e.t.j.p.i.JtaPlatformInitiator       : HHH000490: Using JtaPlatform implementation: [org.hibernate.engine.transaction.jta.platform.internal.NoJtaPlatform]
2020-10-12 13:37:08.140  INFO 5064 --- [task-1] j.LocalContainerEntityManagerFactoryBean : Initialized JPA EntityManagerFactory for persistence unit 'default'
2020-10-12 13:37:08.557  INFO 5064 --- [main] DeferredRepositoryInitializationListener : Spring Data repositories initialized!
2020-10-12 13:37:08.576  INFO 5064 --- [main] com.Student.StudentCurdDemoApplication   : Started StudentCurdDemoApplication in 8.196 seconds (JVM running for 9.744)
2020-10-12 13:38:12.349  INFO 5064 --- [http-nio-8080-exec-1] o.a.c.c.C.[Tomcat].[localhost].[/]       : Initializing Spring DispatcherServlet 'dispatcherServlet'
2020-10-12 13:38:12.350  INFO 5064 --- [http-nio-8080-exec-1] o.s.web.servlet.DispatcherServlet        : Initializing Servlet 'dispatcherServlet'
2020-10-12 13:38:12.363  INFO 5064 --- [http-nio-8080-exec-1] o.s.web.servlet.DispatcherServlet        : Completed initialization in 12 ms
2020-10-12 14:10:37.142  INFO 5064 --- [RMI TCP Connection(42)-127.0.0.1] inMXBeanRegistrar$SpringApplicationAdmin : Application shutdown requested.
2020-10-12 14:10:37.880  INFO 5064 --- [RMI TCP Connection(42)-127.0.0.1] j.LocalContainerEntityManagerFactoryBean : Closing JPA EntityManagerFactory for persistence unit 'default'
2020-10-12 14:10:37.954  INFO 5064 --- [RMI TCP Connection(42)-127.0.0.1] o.s.s.concurrent.ThreadPoolTaskExecutor  : Shutting down ExecutorService 'applicationTaskExecutor'
2020-10-12 14:10:37.958  INFO 5064 --- [RMI TCP Connection(42)-127.0.0.1] com.zaxxer.hikari.HikariDataSource       : HikariPool-1 - Shutdown initiated...
2020-10-12 14:10:38.037  INFO 5064 --- [RMI TCP Connection(42)-127.0.0.1] com.zaxxer.hikari.HikariDataSource       : HikariPool-1 - Shutdown completed.
2020-10-12 14:39:29.933  INFO 13680 --- [main] o.s.boot.SpringApplication               : 
  .   ____          _            __ _ _
 /\\ / ___'_ __ _ _(_)_ __  __ _ \ \ \ \
( ( )\___ | '_ | '_| | '_ \/ _` | \ \ \ \
 \\/  ___)| |_)| | | | | || (_| |  ) ) ) )
  '  |____| .__|_| |_|_| |_\__, | / / / /
 =========|_|==============|___/=/_/_/_/
[32m :: Spring Boot :: [39m      [2m (v2.3.4.RELEASE)[0;39m


2020-10-12 14:39:30.134  INFO 13680 --- [main] com.Student.StudentCurdDemoApplication   : Starting StudentCurdDemoApplication on INV-JUSTINE with PID 13680 (C:\Users\hp\Documents\workspace-spring-tool-suite-4-4.8.0.RELEASE\StudentCurdDemo\target\classes started by hp in C:\Users\hp\Documents\workspace-spring-tool-suite-4-4.8.0.RELEASE\StudentCurdDemo)
2020-10-12 14:39:30.136  INFO 13680 --- [main] com.Student.StudentCurdDemoApplication   : No active profile set, falling back to default profiles: default
2020-10-12 14:39:31.699  INFO 13680 --- [main] .s.d.r.c.RepositoryConfigurationDelegate : Bootstrapping Spring Data JPA repositories in DEFERRED mode.
2020-10-12 14:39:31.943  INFO 13680 --- [main] .s.d.r.c.RepositoryConfigurationDelegate : Finished Spring Data repository scanning in 211ms. Found 1 JPA repository interfaces.
2020-10-12 14:39:32.395  INFO 13680 --- [main] trationDelegate$BeanPostProcessorChecker : Bean 'org.springframework.ws.config.annotation.DelegatingWsConfiguration' of type [org.springframework.ws.config.annotation.DelegatingWsConfiguration$$EnhancerBySpringCGLIB$$f26c83a1] is not eligible for getting processed by all BeanPostProcessors (for example: not eligible for auto-proxying)
2020-10-12 14:39:32.505  INFO 13680 --- [main] .w.s.a.s.AnnotationActionEndpointMapping : Supporting [WS-Addressing August 2004, WS-Addressing 1.0]
2020-10-12 14:39:33.041  INFO 13680 --- [main] o.s.b.w.embedded.tomcat.TomcatWebServer  : Tomcat initialized with port(s): 8080 (http)
2020-10-12 14:39:33.058  INFO 13680 --- [main] o.apache.catalina.core.StandardService   : Starting service [Tomcat]
2020-10-12 14:39:33.059  INFO 13680 --- [main] org.apache.catalina.core.StandardEngine  : Starting Servlet engine: [Apache Tomcat/9.0.38]
2020-10-12 14:39:33.408  INFO 13680 --- [main] o.a.c.c.C.[Tomcat].[localhost].[/]       : Initializing Spring embedded WebApplicationContext
2020-10-12 14:39:33.409  INFO 13680 --- [main] w.s.c.ServletWebServerApplicationContext : Root WebApplicationContext: initialization completed in 3178 ms
2020-10-12 14:39:33.981  INFO 13680 --- [main] o.s.s.concurrent.ThreadPoolTaskExecutor  : Initializing ExecutorService 'applicationTaskExecutor'
2020-10-12 14:39:34.066  INFO 13680 --- [task-1] o.hibernate.jpa.internal.util.LogHelper  : HHH000204: Processing PersistenceUnitInfo [name: default]
2020-10-12 14:39:34.217  INFO 13680 --- [task-1] org.hibernate.Version                    : HHH000412: Hibernate ORM core version 5.4.21.Final
2020-10-12 14:39:34.374  WARN 13680 --- [main] JpaBaseConfiguration$JpaWebConfiguration : spring.jpa.open-in-view is enabled by default. Therefore, database queries may be performed during view rendering. Explicitly configure spring.jpa.open-in-view to disable this warning
2020-10-12 14:39:34.640  INFO 13680 --- [task-1] o.hibernate.annotations.common.Version   : HCANN000001: Hibernate Commons Annotations {5.1.0.Final}
2020-10-12 14:39:34.940  INFO 13680 --- [task-1] com.zaxxer.hikari.HikariDataSource       : HikariPool-1 - Starting...
2020-10-12 14:39:35.118  INFO 13680 --- [main] o.s.b.w.embedded.tomcat.TomcatWebServer  : Tomcat started on port(s): 8080 (http) with context path ''
2020-10-12 14:39:35.122  INFO 13680 --- [main] DeferredRepositoryInitializationListener : Triggering deferred initialization of Spring Data repositories…
2020-10-12 14:39:35.650  INFO 13680 --- [task-1] com.zaxxer.hikari.HikariDataSource       : HikariPool-1 - Start completed.
2020-10-12 14:39:35.696  INFO 13680 --- [task-1] org.hibernate.dialect.Dialect            : HHH000400: Using dialect: org.hibernate.dialect.MySQL5InnoDBDialect
2020-10-12 14:39:37.079  INFO 13680 --- [task-1] o.h.e.t.j.p.i.JtaPlatformInitiator       : HHH000490: Using JtaPlatform implementation: [org.hibernate.engine.transaction.jta.platform.internal.NoJtaPlatform]
2020-10-12 14:39:37.094  INFO 13680 --- [task-1] j.LocalContainerEntityManagerFactoryBean : Initialized JPA EntityManagerFactory for persistence unit 'default'
2020-10-12 14:39:37.432  INFO 13680 --- [main] DeferredRepositoryInitializationListener : Spring Data repositories initialized!
2020-10-12 14:39:37.454  INFO 13680 --- [main] com.Student.StudentCurdDemoApplication   : Started StudentCurdDemoApplication in 8.104 seconds (JVM running for 9.592)
2020-10-12 14:40:01.913  INFO 13680 --- [http-nio-8080-exec-1] o.a.c.c.C.[Tomcat].[localhost].[/]       : Initializing Spring DispatcherServlet 'dispatcherServlet'
2020-10-12 14:40:01.914  INFO 13680 --- [http-nio-8080-exec-1] o.s.web.servlet.DispatcherServlet        : Initializing Servlet 'dispatcherServlet'
2020-10-12 14:40:01.932  INFO 13680 --- [http-nio-8080-exec-1] o.s.web.servlet.DispatcherServlet        : Completed initialization in 17 ms
2020-10-12 14:41:09.269  INFO 13680 --- [RMI TCP Connection(10)-127.0.0.1] inMXBeanRegistrar$SpringApplicationAdmin : Application shutdown requested.
2020-10-12 14:41:09.382  INFO 13680 --- [RMI TCP Connection(10)-127.0.0.1] j.LocalContainerEntityManagerFactoryBean : Closing JPA EntityManagerFactory for persistence unit 'default'
2020-10-12 14:41:09.386  INFO 13680 --- [RMI TCP Connection(10)-127.0.0.1] o.s.s.concurrent.ThreadPoolTaskExecutor  : Shutting down ExecutorService 'applicationTaskExecutor'
2020-10-12 14:41:09.387  INFO 13680 --- [RMI TCP Connection(10)-127.0.0.1] com.zaxxer.hikari.HikariDataSource       : HikariPool-1 - Shutdown initiated...
2020-10-12 14:41:09.417  INFO 13680 --- [RMI TCP Connection(10)-127.0.0.1] com.zaxxer.hikari.HikariDataSource       : HikariPool-1 - Shutdown completed.
2020-10-12 14:57:06.616  INFO 8516 --- [main] o.s.boot.SpringApplication               : 
  .   ____          _            __ _ _
 /\\ / ___'_ __ _ _(_)_ __  __ _ \ \ \ \
( ( )\___ | '_ | '_| | '_ \/ _` | \ \ \ \
 \\/  ___)| |_)| | | | | || (_| |  ) ) ) )
  '  |____| .__|_| |_|_| |_\__, | / / / /
 =========|_|==============|___/=/_/_/_/
[32m :: Spring Boot :: [39m      [2m (v2.3.4.RELEASE)[0;39m


2020-10-12 14:57:06.781  INFO 8516 --- [main] com.Student.StudentCurdDemoApplication   : Starting StudentCurdDemoApplication on INV-JUSTINE with PID 8516 (C:\Users\hp\Documents\workspace-spring-tool-suite-4-4.8.0.RELEASE\StudentCurdDemo\target\classes started by hp in C:\Users\hp\Documents\workspace-spring-tool-suite-4-4.8.0.RELEASE\StudentCurdDemo)
2020-10-12 14:57:06.782  INFO 8516 --- [main] com.Student.StudentCurdDemoApplication   : No active profile set, falling back to default profiles: default
2020-10-12 14:57:08.209  INFO 8516 --- [main] .s.d.r.c.RepositoryConfigurationDelegate : Bootstrapping Spring Data JPA repositories in DEFERRED mode.
2020-10-12 14:57:08.472  INFO 8516 --- [main] .s.d.r.c.RepositoryConfigurationDelegate : Finished Spring Data repository scanning in 243ms. Found 1 JPA repository interfaces.
2020-10-12 14:57:09.417  INFO 8516 --- [main] trationDelegate$BeanPostProcessorChecker : Bean 'org.springframework.ws.config.annotation.DelegatingWsConfiguration' of type [org.springframework.ws.config.annotation.DelegatingWsConfiguration$$EnhancerBySpringCGLIB$$14deaf7f] is not eligible for getting processed by all BeanPostProcessors (for example: not eligible for auto-proxying)
2020-10-12 14:57:09.582  INFO 8516 --- [main] .w.s.a.s.AnnotationActionEndpointMapping : Supporting [WS-Addressing August 2004, WS-Addressing 1.0]
2020-10-12 14:57:10.172  INFO 8516 --- [main] o.s.b.w.embedded.tomcat.TomcatWebServer  : Tomcat initialized with port(s): 8080 (http)
2020-10-12 14:57:10.190  INFO 8516 --- [main] o.apache.catalina.core.StandardService   : Starting service [Tomcat]
2020-10-12 14:57:10.191  INFO 8516 --- [main] org.apache.catalina.core.StandardEngine  : Starting Servlet engine: [Apache Tomcat/9.0.38]
2020-10-12 14:57:10.481  INFO 8516 --- [main] o.a.c.c.C.[Tomcat].[localhost].[/]       : Initializing Spring embedded WebApplicationContext
2020-10-12 14:57:10.482  INFO 8516 --- [main] w.s.c.ServletWebServerApplicationContext : Root WebApplicationContext: initialization completed in 3594 ms
2020-10-12 14:57:10.755  INFO 8516 --- [main] o.s.s.concurrent.ThreadPoolTaskExecutor  : Initializing ExecutorService 'applicationTaskExecutor'
2020-10-12 14:57:10.827  INFO 8516 --- [task-1] o.hibernate.jpa.internal.util.LogHelper  : HHH000204: Processing PersistenceUnitInfo [name: default]
2020-10-12 14:57:10.984  INFO 8516 --- [task-1] org.hibernate.Version                    : HHH000412: Hibernate ORM core version 5.4.21.Final
2020-10-12 14:57:11.124  WARN 8516 --- [main] JpaBaseConfiguration$JpaWebConfiguration : spring.jpa.open-in-view is enabled by default. Therefore, database queries may be performed during view rendering. Explicitly configure spring.jpa.open-in-view to disable this warning
2020-10-12 14:57:11.383  INFO 8516 --- [task-1] o.hibernate.annotations.common.Version   : HCANN000001: Hibernate Commons Annotations {5.1.0.Final}
2020-10-12 14:57:11.716  INFO 8516 --- [task-1] com.zaxxer.hikari.HikariDataSource       : HikariPool-1 - Starting...
2020-10-12 14:57:11.859  INFO 8516 --- [main] o.s.b.w.embedded.tomcat.TomcatWebServer  : Tomcat started on port(s): 8080 (http) with context path ''
2020-10-12 14:57:11.864  INFO 8516 --- [main] DeferredRepositoryInitializationListener : Triggering deferred initialization of Spring Data repositories…
2020-10-12 14:57:12.449  INFO 8516 --- [task-1] com.zaxxer.hikari.HikariDataSource       : HikariPool-1 - Start completed.
2020-10-12 14:57:12.479  INFO 8516 --- [task-1] org.hibernate.dialect.Dialect            : HHH000400: Using dialect: org.hibernate.dialect.MySQL5InnoDBDialect
2020-10-12 14:57:14.423  INFO 8516 --- [task-1] o.h.e.t.j.p.i.JtaPlatformInitiator       : HHH000490: Using JtaPlatform implementation: [org.hibernate.engine.transaction.jta.platform.internal.NoJtaPlatform]
2020-10-12 14:57:14.436  INFO 8516 --- [task-1] j.LocalContainerEntityManagerFactoryBean : Initialized JPA EntityManagerFactory for persistence unit 'default'
2020-10-12 14:57:14.729  INFO 8516 --- [main] DeferredRepositoryInitializationListener : Spring Data repositories initialized!
2020-10-12 14:57:14.744  INFO 8516 --- [main] com.Student.StudentCurdDemoApplication   : Started StudentCurdDemoApplication in 8.881 seconds (JVM running for 11.338)
2020-10-12 15:03:31.765  INFO 8516 --- [RMI TCP Connection(14)-127.0.0.1] inMXBeanRegistrar$SpringApplicationAdmin : Application shutdown requested.
2020-10-12 15:03:31.910  INFO 8516 --- [RMI TCP Connection(14)-127.0.0.1] j.LocalContainerEntityManagerFactoryBean : Closing JPA EntityManagerFactory for persistence unit 'default'
2020-10-12 15:03:31.919  INFO 8516 --- [RMI TCP Connection(14)-127.0.0.1] o.s.s.concurrent.ThreadPoolTaskExecutor  : Shutting down ExecutorService 'applicationTaskExecutor'
2020-10-12 15:03:31.920  INFO 8516 --- [RMI TCP Connection(14)-127.0.0.1] com.zaxxer.hikari.HikariDataSource       : HikariPool-1 - Shutdown initiated...
2020-10-12 15:03:31.970  INFO 8516 --- [RMI TCP Connection(14)-127.0.0.1] com.zaxxer.hikari.HikariDataSource       : HikariPool-1 - Shutdown completed.
2020-10-12 15:06:11.404  INFO 12936 --- [main] o.s.boot.SpringApplication               : 
  .   ____          _            __ _ _
 /\\ / ___'_ __ _ _(_)_ __  __ _ \ \ \ \
( ( )\___ | '_ | '_| | '_ \/ _` | \ \ \ \
 \\/  ___)| |_)| | | | | || (_| |  ) ) ) )
  '  |____| .__|_| |_|_| |_\__, | / / / /
 =========|_|==============|___/=/_/_/_/
[32m :: Spring Boot :: [39m      [2m (v2.3.4.RELEASE)[0;39m


2020-10-12 15:06:11.609  INFO 12936 --- [main] com.Student.StudentCurdDemoApplication   : Starting StudentCurdDemoApplication on INV-JUSTINE with PID 12936 (C:\Users\hp\Documents\workspace-spring-tool-suite-4-4.8.0.RELEASE\StudentCurdDemo\target\classes started by hp in C:\Users\hp\Documents\workspace-spring-tool-suite-4-4.8.0.RELEASE\StudentCurdDemo)
2020-10-12 15:06:11.611  INFO 12936 --- [main] com.Student.StudentCurdDemoApplication   : No active profile set, falling back to default profiles: default
2020-10-12 15:06:13.713  INFO 12936 --- [main] .s.d.r.c.RepositoryConfigurationDelegate : Bootstrapping Spring Data JPA repositories in DEFERRED mode.
2020-10-12 15:06:13.929  INFO 12936 --- [main] .s.d.r.c.RepositoryConfigurationDelegate : Finished Spring Data repository scanning in 195ms. Found 1 JPA repository interfaces.
2020-10-12 15:06:14.565  INFO 12936 --- [main] trationDelegate$BeanPostProcessorChecker : Bean 'org.springframework.ws.config.annotation.DelegatingWsConfiguration' of type [org.springframework.ws.config.annotation.DelegatingWsConfiguration$$EnhancerBySpringCGLIB$$ecbd2faa] is not eligible for getting processed by all BeanPostProcessors (for example: not eligible for auto-proxying)
2020-10-12 15:06:14.765  INFO 12936 --- [main] .w.s.a.s.AnnotationActionEndpointMapping : Supporting [WS-Addressing August 2004, WS-Addressing 1.0]
2020-10-12 15:06:15.850  INFO 12936 --- [main] o.s.b.w.embedded.tomcat.TomcatWebServer  : Tomcat initialized with port(s): 8080 (http)
2020-10-12 15:06:15.886  INFO 12936 --- [main] o.apache.catalina.core.StandardService   : Starting service [Tomcat]
2020-10-12 15:06:15.888  INFO 12936 --- [main] org.apache.catalina.core.StandardEngine  : Starting Servlet engine: [Apache Tomcat/9.0.38]
2020-10-12 15:06:16.294  INFO 12936 --- [main] o.a.c.c.C.[Tomcat].[localhost].[/]       : Initializing Spring embedded WebApplicationContext
2020-10-12 15:06:16.295  INFO 12936 --- [main] w.s.c.ServletWebServerApplicationContext : Root WebApplicationContext: initialization completed in 4510 ms
2020-10-12 15:06:16.856  INFO 12936 --- [main] o.s.s.concurrent.ThreadPoolTaskExecutor  : Initializing ExecutorService 'applicationTaskExecutor'
2020-10-12 15:06:17.072  INFO 12936 --- [task-1] o.hibernate.jpa.internal.util.LogHelper  : HHH000204: Processing PersistenceUnitInfo [name: default]
2020-10-12 15:06:17.331  INFO 12936 --- [task-1] org.hibernate.Version                    : HHH000412: Hibernate ORM core version 5.4.21.Final
2020-10-12 15:06:17.541  WARN 12936 --- [main] JpaBaseConfiguration$JpaWebConfiguration : spring.jpa.open-in-view is enabled by default. Therefore, database queries may be performed during view rendering. Explicitly configure spring.jpa.open-in-view to disable this warning
2020-10-12 15:06:17.790  INFO 12936 --- [task-1] o.hibernate.annotations.common.Version   : HCANN000001: Hibernate Commons Annotations {5.1.0.Final}
2020-10-12 15:06:18.294  INFO 12936 --- [task-1] com.zaxxer.hikari.HikariDataSource       : HikariPool-1 - Starting...
2020-10-12 15:06:18.680  INFO 12936 --- [main] o.s.b.w.embedded.tomcat.TomcatWebServer  : Tomcat started on port(s): 8080 (http) with context path ''
2020-10-12 15:06:18.684  INFO 12936 --- [main] DeferredRepositoryInitializationListener : Triggering deferred initialization of Spring Data repositories…
2020-10-12 15:06:19.711  INFO 12936 --- [task-1] com.zaxxer.hikari.HikariDataSource       : HikariPool-1 - Start completed.
2020-10-12 15:06:19.740  INFO 12936 --- [task-1] org.hibernate.dialect.Dialect            : HHH000400: Using dialect: org.hibernate.dialect.MySQL5InnoDBDialect
2020-10-12 15:06:21.727  INFO 12936 --- [task-1] o.h.e.t.j.p.i.JtaPlatformInitiator       : HHH000490: Using JtaPlatform implementation: [org.hibernate.engine.transaction.jta.platform.internal.NoJtaPlatform]
2020-10-12 15:06:21.745  INFO 12936 --- [task-1] j.LocalContainerEntityManagerFactoryBean : Initialized JPA EntityManagerFactory for persistence unit 'default'
2020-10-12 15:06:22.081  INFO 12936 --- [main] DeferredRepositoryInitializationListener : Spring Data repositories initialized!
2020-10-12 15:06:22.097  INFO 12936 --- [main] com.Student.StudentCurdDemoApplication   : Started StudentCurdDemoApplication in 11.622 seconds (JVM running for 14.351)
2020-10-12 15:06:58.440  INFO 12936 --- [http-nio-8080-exec-1] o.a.c.c.C.[Tomcat].[localhost].[/]       : Initializing Spring DispatcherServlet 'dispatcherServlet'
2020-10-12 15:06:58.440  INFO 12936 --- [http-nio-8080-exec-1] o.s.web.servlet.DispatcherServlet        : Initializing Servlet 'dispatcherServlet'
2020-10-12 15:06:58.453  INFO 12936 --- [http-nio-8080-exec-1] o.s.web.servlet.DispatcherServlet        : Completed initialization in 12 ms
2020-10-12 15:07:25.238  WARN 12936 --- [http-nio-8080-exec-3] .w.s.m.s.DefaultHandlerExceptionResolver : Resolved [org.springframework.web.HttpRequestMethodNotSupportedException: Request method 'PUT' not supported]
2020-10-12 15:07:53.308  INFO 12936 --- [http-nio-8080-exec-5] com.Student.controller.Controller        : Student employee details of id 2
2020-10-12 15:08:52.905  WARN 12936 --- [http-nio-8080-exec-9] .w.s.m.s.DefaultHandlerExceptionResolver : Resolved [org.springframework.web.HttpRequestMethodNotSupportedException: Request method 'PUT' not supported]
2020-10-12 15:08:58.200  INFO 12936 --- [http-nio-8080-exec-1] com.Student.controller.Controller        : Student with id 2 has been deleted
2020-10-12 15:09:30.193  INFO 12936 --- [http-nio-8080-exec-3] com.Student.controller.Controller        : Inserted data into student Table
