2020-10-12 00:10:58.413  INFO 13132 --- [main] o.s.boot.SpringApplication               : 
  .   ____          _            __ _ _
 /\\ / ___'_ __ _ _(_)_ __  __ _ \ \ \ \
( ( )\___ | '_ | '_| | '_ \/ _` | \ \ \ \
 \\/  ___)| |_)| | | | | || (_| |  ) ) ) )
  '  |____| .__|_| |_|_| |_\__, | / / / /
 =========|_|==============|___/=/_/_/_/
[32m :: Spring Boot :: [39m      [2m (v2.3.4.RELEASE)[0;39m


2020-10-12 00:10:58.600  INFO 13132 --- [main] com.EmployeeCurdjpaApplication           : Starting EmployeeCurdjpaApplication on INV-JUSTINE with PID 13132 (C:\Users\hp\Documents\workspace-spring-tool-suite-4-4.8.0.RELEASE\EmployeeCURDJPA\target\classes started by hp in C:\Users\hp\Documents\workspace-spring-tool-suite-4-4.8.0.RELEASE\EmployeeCURDJPA)
2020-10-12 00:10:58.602  INFO 13132 --- [main] com.EmployeeCurdjpaApplication           : No active profile set, falling back to default profiles: default
2020-10-12 00:11:01.653  INFO 13132 --- [main] .s.d.r.c.RepositoryConfigurationDelegate : Bootstrapping Spring Data JPA repositories in DEFERRED mode.
2020-10-12 00:11:02.927  INFO 13132 --- [main] .s.d.r.c.RepositoryConfigurationDelegate : Finished Spring Data repository scanning in 1260ms. Found 1 JPA repository interfaces.
2020-10-12 00:11:03.359  INFO 13132 --- [main] trationDelegate$BeanPostProcessorChecker : Bean 'org.springframework.ws.config.annotation.DelegatingWsConfiguration' of type [org.springframework.ws.config.annotation.DelegatingWsConfiguration$$EnhancerBySpringCGLIB$$d023674b] is not eligible for getting processed by all BeanPostProcessors (for example: not eligible for auto-proxying)
2020-10-12 00:11:03.477  INFO 13132 --- [main] .w.s.a.s.AnnotationActionEndpointMapping : Supporting [WS-Addressing August 2004, WS-Addressing 1.0]
2020-10-12 00:11:03.929  INFO 13132 --- [main] o.s.b.w.embedded.tomcat.TomcatWebServer  : Tomcat initialized with port(s): 8080 (http)
2020-10-12 00:11:03.944  INFO 13132 --- [main] o.apache.catalina.core.StandardService   : Starting service [Tomcat]
2020-10-12 00:11:03.945  INFO 13132 --- [main] org.apache.catalina.core.StandardEngine  : Starting Servlet engine: [Apache Tomcat/9.0.38]
2020-10-12 00:11:04.149  INFO 13132 --- [main] o.a.c.c.C.[Tomcat].[localhost].[/]       : Initializing Spring embedded WebApplicationContext
2020-10-12 00:11:04.150  INFO 13132 --- [main] w.s.c.ServletWebServerApplicationContext : Root WebApplicationContext: initialization completed in 5446 ms
2020-10-12 00:11:04.713  INFO 13132 --- [main] o.s.s.concurrent.ThreadPoolTaskExecutor  : Initializing ExecutorService 'applicationTaskExecutor'
2020-10-12 00:11:05.505  INFO 13132 --- [main] o.s.b.w.embedded.tomcat.TomcatWebServer  : Tomcat started on port(s): 8080 (http) with context path ''
2020-10-12 00:11:05.511  INFO 13132 --- [main] DeferredRepositoryInitializationListener : Triggering deferred initialization of Spring Data repositories…
2020-10-12 00:11:05.601  WARN 13132 --- [main] ConfigServletWebServerApplicationContext : Exception encountered during context initialization - cancelling refresh attempt: org.springframework.beans.factory.BeanCreationException: Error creating bean with name 'resourceRepository' defined in com.dao.ResourceRepository defined in @EnableJpaRepositories declared on JpaRepositoriesRegistrar.EnableJpaRepositoriesConfiguration: Cannot create inner bean '(inner bean)#1d07d728' of type [org.springframework.orm.jpa.SharedEntityManagerCreator] while setting bean property 'entityManager'; nested exception is org.springframework.beans.factory.BeanCreationException: Error creating bean with name '(inner bean)#1d07d728': Cannot resolve reference to bean 'entityManagerFactory' while setting constructor argument; nested exception is org.springframework.beans.factory.NoSuchBeanDefinitionException: No bean named 'entityManagerFactory' available
2020-10-12 00:11:05.664  INFO 13132 --- [main] o.s.s.concurrent.ThreadPoolTaskExecutor  : Shutting down ExecutorService 'applicationTaskExecutor'
2020-10-12 00:11:05.738  INFO 13132 --- [main] o.apache.catalina.core.StandardService   : Stopping service [Tomcat]
2020-10-12 00:11:05.833  INFO 13132 --- [main] ConditionEvaluationReportLoggingListener : 

Error starting ApplicationContext. To display the conditions report re-run your application with 'debug' enabled.
2020-10-12 00:11:06.022 ERROR 13132 --- [main] o.s.b.d.LoggingFailureAnalysisReporter   : 

***************************
APPLICATION FAILED TO START
***************************

Description:

A component required a bean named 'entityManagerFactory' that could not be found.


Action:

Consider defining a bean named 'entityManagerFactory' in your configuration.

2020-10-12 00:20:09.519  INFO 1748 --- [main] o.s.boot.SpringApplication               : 
  .   ____          _            __ _ _
 /\\ / ___'_ __ _ _(_)_ __  __ _ \ \ \ \
( ( )\___ | '_ | '_| | '_ \/ _` | \ \ \ \
 \\/  ___)| |_)| | | | | || (_| |  ) ) ) )
  '  |____| .__|_| |_|_| |_\__, | / / / /
 =========|_|==============|___/=/_/_/_/
[32m :: Spring Boot :: [39m      [2m (v2.3.4.RELEASE)[0;39m


2020-10-12 00:20:09.750  INFO 1748 --- [main] com.EmployeeCurdjpaApplication           : Starting EmployeeCurdjpaApplication on INV-JUSTINE with PID 1748 (C:\Users\hp\Documents\workspace-spring-tool-suite-4-4.8.0.RELEASE\EmployeeCURDJPA\target\classes started by hp in C:\Users\hp\Documents\workspace-spring-tool-suite-4-4.8.0.RELEASE\EmployeeCURDJPA)
2020-10-12 00:20:09.752  INFO 1748 --- [main] com.EmployeeCurdjpaApplication           : No active profile set, falling back to default profiles: default
2020-10-12 00:20:12.162  INFO 1748 --- [main] .s.d.r.c.RepositoryConfigurationDelegate : Bootstrapping Spring Data JPA repositories in DEFERRED mode.
2020-10-12 00:20:13.367  INFO 1748 --- [main] .s.d.r.c.RepositoryConfigurationDelegate : Finished Spring Data repository scanning in 1192ms. Found 1 JPA repository interfaces.
2020-10-12 00:20:13.726  INFO 1748 --- [main] trationDelegate$BeanPostProcessorChecker : Bean 'org.springframework.ws.config.annotation.DelegatingWsConfiguration' of type [org.springframework.ws.config.annotation.DelegatingWsConfiguration$$EnhancerBySpringCGLIB$$4c6ba500] is not eligible for getting processed by all BeanPostProcessors (for example: not eligible for auto-proxying)
2020-10-12 00:20:13.825  INFO 1748 --- [main] .w.s.a.s.AnnotationActionEndpointMapping : Supporting [WS-Addressing August 2004, WS-Addressing 1.0]
2020-10-12 00:20:14.203  INFO 1748 --- [main] o.s.b.w.embedded.tomcat.TomcatWebServer  : Tomcat initialized with port(s): 8080 (http)
2020-10-12 00:20:14.216  INFO 1748 --- [main] o.apache.catalina.core.StandardService   : Starting service [Tomcat]
2020-10-12 00:20:14.217  INFO 1748 --- [main] org.apache.catalina.core.StandardEngine  : Starting Servlet engine: [Apache Tomcat/9.0.38]
2020-10-12 00:20:14.383  INFO 1748 --- [main] o.a.c.c.C.[Tomcat].[localhost].[/]       : Initializing Spring embedded WebApplicationContext
2020-10-12 00:20:14.383  INFO 1748 --- [main] w.s.c.ServletWebServerApplicationContext : Root WebApplicationContext: initialization completed in 4500 ms
2020-10-12 00:20:14.752  INFO 1748 --- [main] o.s.s.concurrent.ThreadPoolTaskExecutor  : Initializing ExecutorService 'applicationTaskExecutor'
2020-10-12 00:20:15.200  INFO 1748 --- [main] o.s.b.w.embedded.tomcat.TomcatWebServer  : Tomcat started on port(s): 8080 (http) with context path ''
2020-10-12 00:20:15.203  INFO 1748 --- [main] DeferredRepositoryInitializationListener : Triggering deferred initialization of Spring Data repositories…
2020-10-12 00:20:15.247  WARN 1748 --- [main] ConfigServletWebServerApplicationContext : Exception encountered during context initialization - cancelling refresh attempt: org.springframework.beans.factory.BeanCreationException: Error creating bean with name 'resourceRepository' defined in com.dao.ResourceRepository defined in @EnableJpaRepositories declared on JpaRepositoriesRegistrar.EnableJpaRepositoriesConfiguration: Cannot create inner bean '(inner bean)#3d587c73' of type [org.springframework.orm.jpa.SharedEntityManagerCreator] while setting bean property 'entityManager'; nested exception is org.springframework.beans.factory.BeanCreationException: Error creating bean with name '(inner bean)#3d587c73': Cannot resolve reference to bean 'entityManagerFactory' while setting constructor argument; nested exception is org.springframework.beans.factory.NoSuchBeanDefinitionException: No bean named 'entityManagerFactory' available
2020-10-12 00:20:15.272  INFO 1748 --- [main] o.s.s.concurrent.ThreadPoolTaskExecutor  : Shutting down ExecutorService 'applicationTaskExecutor'
2020-10-12 00:20:15.297  INFO 1748 --- [main] o.apache.catalina.core.StandardService   : Stopping service [Tomcat]
2020-10-12 00:20:15.360  INFO 1748 --- [main] ConditionEvaluationReportLoggingListener : 

Error starting ApplicationContext. To display the conditions report re-run your application with 'debug' enabled.
2020-10-12 00:20:15.499 ERROR 1748 --- [main] o.s.b.d.LoggingFailureAnalysisReporter   : 

***************************
APPLICATION FAILED TO START
***************************

Description:

A component required a bean named 'entityManagerFactory' that could not be found.


Action:

Consider defining a bean named 'entityManagerFactory' in your configuration.

2020-10-12 00:55:41.018  INFO 11240 --- [main] o.s.boot.SpringApplication               : 
  .   ____          _            __ _ _
 /\\ / ___'_ __ _ _(_)_ __  __ _ \ \ \ \
( ( )\___ | '_ | '_| | '_ \/ _` | \ \ \ \
 \\/  ___)| |_)| | | | | || (_| |  ) ) ) )
  '  |____| .__|_| |_|_| |_\__, | / / / /
 =========|_|==============|___/=/_/_/_/
[32m :: Spring Boot :: [39m      [2m (v2.3.4.RELEASE)[0;39m


2020-10-12 00:55:41.184  INFO 11240 --- [main] com.EmployeeCurdjpaApplication           : Starting EmployeeCurdjpaApplication on INV-JUSTINE with PID 11240 (C:\Users\hp\Documents\workspace-spring-tool-suite-4-4.8.0.RELEASE\EmployeeCURDJPA\target\classes started by hp in C:\Users\hp\Documents\workspace-spring-tool-suite-4-4.8.0.RELEASE\EmployeeCURDJPA)
2020-10-12 00:55:41.185  INFO 11240 --- [main] com.EmployeeCurdjpaApplication           : No active profile set, falling back to default profiles: default
2020-10-12 00:55:43.550  INFO 11240 --- [main] .s.d.r.c.RepositoryConfigurationDelegate : Bootstrapping Spring Data JPA repositories in DEFERRED mode.
2020-10-12 00:55:44.717  INFO 11240 --- [main] .s.d.r.c.RepositoryConfigurationDelegate : Finished Spring Data repository scanning in 1153ms. Found 1 JPA repository interfaces.
2020-10-12 00:55:45.064  INFO 11240 --- [main] trationDelegate$BeanPostProcessorChecker : Bean 'org.springframework.ws.config.annotation.DelegatingWsConfiguration' of type [org.springframework.ws.config.annotation.DelegatingWsConfiguration$$EnhancerBySpringCGLIB$$574f11ad] is not eligible for getting processed by all BeanPostProcessors (for example: not eligible for auto-proxying)
2020-10-12 00:55:45.151  INFO 11240 --- [main] .w.s.a.s.AnnotationActionEndpointMapping : Supporting [WS-Addressing August 2004, WS-Addressing 1.0]
2020-10-12 00:55:45.542  INFO 11240 --- [main] o.s.b.w.embedded.tomcat.TomcatWebServer  : Tomcat initialized with port(s): 8080 (http)
2020-10-12 00:55:45.556  INFO 11240 --- [main] o.apache.catalina.core.StandardService   : Starting service [Tomcat]
2020-10-12 00:55:45.557  INFO 11240 --- [main] org.apache.catalina.core.StandardEngine  : Starting Servlet engine: [Apache Tomcat/9.0.38]
2020-10-12 00:55:45.725  INFO 11240 --- [main] o.a.c.c.C.[Tomcat].[localhost].[/]       : Initializing Spring embedded WebApplicationContext
2020-10-12 00:55:45.726  INFO 11240 --- [main] w.s.c.ServletWebServerApplicationContext : Root WebApplicationContext: initialization completed in 4436 ms
2020-10-12 00:55:46.088  INFO 11240 --- [main] o.s.s.concurrent.ThreadPoolTaskExecutor  : Initializing ExecutorService 'applicationTaskExecutor'
2020-10-12 00:55:46.618  INFO 11240 --- [main] o.s.b.w.embedded.tomcat.TomcatWebServer  : Tomcat started on port(s): 8080 (http) with context path ''
2020-10-12 00:55:46.622  INFO 11240 --- [main] DeferredRepositoryInitializationListener : Triggering deferred initialization of Spring Data repositories…
2020-10-12 00:55:46.668  WARN 11240 --- [main] ConfigServletWebServerApplicationContext : Exception encountered during context initialization - cancelling refresh attempt: org.springframework.beans.factory.BeanCreationException: Error creating bean with name 'resourceRepository' defined in com.dao.ResourceRepository defined in @EnableJpaRepositories declared on JpaRepositoriesRegistrar.EnableJpaRepositoriesConfiguration: Cannot create inner bean '(inner bean)#5b1e5366' of type [org.springframework.orm.jpa.SharedEntityManagerCreator] while setting bean property 'entityManager'; nested exception is org.springframework.beans.factory.BeanCreationException: Error creating bean with name '(inner bean)#5b1e5366': Cannot resolve reference to bean 'entityManagerFactory' while setting constructor argument; nested exception is org.springframework.beans.factory.NoSuchBeanDefinitionException: No bean named 'entityManagerFactory' available
2020-10-12 00:55:46.692  INFO 11240 --- [main] o.s.s.concurrent.ThreadPoolTaskExecutor  : Shutting down ExecutorService 'applicationTaskExecutor'
2020-10-12 00:55:46.720  INFO 11240 --- [main] o.apache.catalina.core.StandardService   : Stopping service [Tomcat]
2020-10-12 00:55:46.780  INFO 11240 --- [main] ConditionEvaluationReportLoggingListener : 

Error starting ApplicationContext. To display the conditions report re-run your application with 'debug' enabled.
2020-10-12 00:55:46.892 ERROR 11240 --- [main] o.s.b.d.LoggingFailureAnalysisReporter   : 

***************************
APPLICATION FAILED TO START
***************************

Description:

A component required a bean named 'entityManagerFactory' that could not be found.


Action:

Consider defining a bean named 'entityManagerFactory' in your configuration.

2020-10-12 09:25:24.288  INFO 3424 --- [main] o.s.boot.SpringApplication               : 
  .   ____          _            __ _ _
 /\\ / ___'_ __ _ _(_)_ __  __ _ \ \ \ \
( ( )\___ | '_ | '_| | '_ \/ _` | \ \ \ \
 \\/  ___)| |_)| | | | | || (_| |  ) ) ) )
  '  |____| .__|_| |_|_| |_\__, | / / / /
 =========|_|==============|___/=/_/_/_/
[32m :: Spring Boot :: [39m      [2m (v2.3.4.RELEASE)[0;39m


2020-10-12 09:25:24.462  INFO 3424 --- [main] com.EmployeeCurdjpaApplication           : Starting EmployeeCurdjpaApplication on INV-JUSTINE with PID 3424 (C:\Users\hp\Documents\workspace-spring-tool-suite-4-4.8.0.RELEASE\EmployeeCURDJPA\target\classes started by hp in C:\Users\hp\Documents\workspace-spring-tool-suite-4-4.8.0.RELEASE\EmployeeCURDJPA)
2020-10-12 09:25:24.463  INFO 3424 --- [main] com.EmployeeCurdjpaApplication           : No active profile set, falling back to default profiles: default
2020-10-12 09:25:27.384  INFO 3424 --- [main] .s.d.r.c.RepositoryConfigurationDelegate : Bootstrapping Spring Data JPA repositories in DEFERRED mode.
2020-10-12 09:25:28.769  INFO 3424 --- [main] .s.d.r.c.RepositoryConfigurationDelegate : Finished Spring Data repository scanning in 1366ms. Found 1 JPA repository interfaces.
2020-10-12 09:25:29.216  INFO 3424 --- [main] trationDelegate$BeanPostProcessorChecker : Bean 'org.springframework.ws.config.annotation.DelegatingWsConfiguration' of type [org.springframework.ws.config.annotation.DelegatingWsConfiguration$$EnhancerBySpringCGLIB$$73f1e238] is not eligible for getting processed by all BeanPostProcessors (for example: not eligible for auto-proxying)
2020-10-12 09:25:29.304  INFO 3424 --- [main] .w.s.a.s.AnnotationActionEndpointMapping : Supporting [WS-Addressing August 2004, WS-Addressing 1.0]
2020-10-12 09:25:29.704  INFO 3424 --- [main] o.s.b.w.embedded.tomcat.TomcatWebServer  : Tomcat initialized with port(s): 8080 (http)
2020-10-12 09:25:29.718  INFO 3424 --- [main] o.apache.catalina.core.StandardService   : Starting service [Tomcat]
2020-10-12 09:25:29.719  INFO 3424 --- [main] org.apache.catalina.core.StandardEngine  : Starting Servlet engine: [Apache Tomcat/9.0.38]
2020-10-12 09:25:29.908  INFO 3424 --- [main] o.a.c.c.C.[Tomcat].[localhost].[/]       : Initializing Spring embedded WebApplicationContext
2020-10-12 09:25:29.908  INFO 3424 --- [main] w.s.c.ServletWebServerApplicationContext : Root WebApplicationContext: initialization completed in 5350 ms
2020-10-12 09:25:30.272  INFO 3424 --- [main] o.s.s.concurrent.ThreadPoolTaskExecutor  : Initializing ExecutorService 'applicationTaskExecutor'
2020-10-12 09:25:30.748  INFO 3424 --- [main] o.s.b.w.embedded.tomcat.TomcatWebServer  : Tomcat started on port(s): 8080 (http) with context path ''
2020-10-12 09:25:30.752  INFO 3424 --- [main] DeferredRepositoryInitializationListener : Triggering deferred initialization of Spring Data repositories…
2020-10-12 09:25:30.794  WARN 3424 --- [main] ConfigServletWebServerApplicationContext : Exception encountered during context initialization - cancelling refresh attempt: org.springframework.beans.factory.BeanCreationException: Error creating bean with name 'resourceRepository' defined in com.dao.ResourceRepository defined in @EnableJpaRepositories declared on JpaRepositoriesRegistrar.EnableJpaRepositoriesConfiguration: Cannot create inner bean '(inner bean)#f714749' of type [org.springframework.orm.jpa.SharedEntityManagerCreator] while setting bean property 'entityManager'; nested exception is org.springframework.beans.factory.BeanCreationException: Error creating bean with name '(inner bean)#f714749': Cannot resolve reference to bean 'entityManagerFactory' while setting constructor argument; nested exception is org.springframework.beans.factory.NoSuchBeanDefinitionException: No bean named 'entityManagerFactory' available
2020-10-12 09:25:30.826  INFO 3424 --- [main] o.s.s.concurrent.ThreadPoolTaskExecutor  : Shutting down ExecutorService 'applicationTaskExecutor'
2020-10-12 09:25:30.854  INFO 3424 --- [main] o.apache.catalina.core.StandardService   : Stopping service [Tomcat]
2020-10-12 09:25:30.917  INFO 3424 --- [main] ConditionEvaluationReportLoggingListener : 

Error starting ApplicationContext. To display the conditions report re-run your application with 'debug' enabled.
2020-10-12 09:25:31.032 ERROR 3424 --- [main] o.s.b.d.LoggingFailureAnalysisReporter   : 

***************************
APPLICATION FAILED TO START
***************************

Description:

A component required a bean named 'entityManagerFactory' that could not be found.


Action:

Consider defining a bean named 'entityManagerFactory' in your configuration.

2020-10-12 09:34:22.962  INFO 9128 --- [main] o.s.boot.SpringApplication               : 
  .   ____          _            __ _ _
 /\\ / ___'_ __ _ _(_)_ __  __ _ \ \ \ \
( ( )\___ | '_ | '_| | '_ \/ _` | \ \ \ \
 \\/  ___)| |_)| | | | | || (_| |  ) ) ) )
  '  |____| .__|_| |_|_| |_\__, | / / / /
 =========|_|==============|___/=/_/_/_/
[32m :: Spring Boot :: [39m      [2m (v2.3.4.RELEASE)[0;39m


2020-10-12 09:34:23.234  INFO 9128 --- [main] com.EmployeeCurdjpaApplication           : Starting EmployeeCurdjpaApplication on INV-JUSTINE with PID 9128 (C:\Users\hp\Documents\workspace-spring-tool-suite-4-4.8.0.RELEASE\EmployeeCURDJPA\target\classes started by hp in C:\Users\hp\Documents\workspace-spring-tool-suite-4-4.8.0.RELEASE\EmployeeCURDJPA)
2020-10-12 09:34:23.238  INFO 9128 --- [main] com.EmployeeCurdjpaApplication           : No active profile set, falling back to default profiles: default
2020-10-12 09:34:28.677  INFO 9128 --- [main] .s.d.r.c.RepositoryConfigurationDelegate : Bootstrapping Spring Data JPA repositories in DEFERRED mode.
2020-10-12 09:34:33.575  INFO 9128 --- [main] .s.d.r.c.RepositoryConfigurationDelegate : Finished Spring Data repository scanning in 4882ms. Found 1 JPA repository interfaces.
2020-10-12 09:34:34.090  INFO 9128 --- [main] trationDelegate$BeanPostProcessorChecker : Bean 'org.springframework.ws.config.annotation.DelegatingWsConfiguration' of type [org.springframework.ws.config.annotation.DelegatingWsConfiguration$$EnhancerBySpringCGLIB$$daa76053] is not eligible for getting processed by all BeanPostProcessors (for example: not eligible for auto-proxying)
2020-10-12 09:34:34.225  INFO 9128 --- [main] .w.s.a.s.AnnotationActionEndpointMapping : Supporting [WS-Addressing August 2004, WS-Addressing 1.0]
2020-10-12 09:34:35.539  INFO 9128 --- [main] o.s.b.w.embedded.tomcat.TomcatWebServer  : Tomcat initialized with port(s): 8080 (http)
2020-10-12 09:34:35.559  INFO 9128 --- [main] o.apache.catalina.core.StandardService   : Starting service [Tomcat]
2020-10-12 09:34:35.561  INFO 9128 --- [main] org.apache.catalina.core.StandardEngine  : Starting Servlet engine: [Apache Tomcat/9.0.38]
2020-10-12 09:34:35.803  INFO 9128 --- [main] o.a.c.c.C.[Tomcat].[localhost].[/]       : Initializing Spring embedded WebApplicationContext
2020-10-12 09:34:35.804  INFO 9128 --- [main] w.s.c.ServletWebServerApplicationContext : Root WebApplicationContext: initialization completed in 12358 ms
2020-10-12 09:34:36.230  INFO 9128 --- [main] o.s.s.concurrent.ThreadPoolTaskExecutor  : Initializing ExecutorService 'applicationTaskExecutor'
2020-10-12 09:34:36.844  INFO 9128 --- [main] o.s.b.w.embedded.tomcat.TomcatWebServer  : Tomcat started on port(s): 8080 (http) with context path ''
2020-10-12 09:34:36.851  INFO 9128 --- [main] DeferredRepositoryInitializationListener : Triggering deferred initialization of Spring Data repositories…
2020-10-12 09:34:36.909  WARN 9128 --- [main] ConfigServletWebServerApplicationContext : Exception encountered during context initialization - cancelling refresh attempt: org.springframework.beans.factory.BeanCreationException: Error creating bean with name 'resourceRepository' defined in com.dao.ResourceRepository defined in @EnableJpaRepositories declared on JpaRepositoriesRegistrar.EnableJpaRepositoriesConfiguration: Cannot create inner bean '(inner bean)#cb29b75' of type [org.springframework.orm.jpa.SharedEntityManagerCreator] while setting bean property 'entityManager'; nested exception is org.springframework.beans.factory.BeanCreationException: Error creating bean with name '(inner bean)#cb29b75': Cannot resolve reference to bean 'entityManagerFactory' while setting constructor argument; nested exception is org.springframework.beans.factory.NoSuchBeanDefinitionException: No bean named 'entityManagerFactory' available
2020-10-12 09:34:36.952  INFO 9128 --- [main] o.s.s.concurrent.ThreadPoolTaskExecutor  : Shutting down ExecutorService 'applicationTaskExecutor'
2020-10-12 09:34:36.984  INFO 9128 --- [main] o.apache.catalina.core.StandardService   : Stopping service [Tomcat]
2020-10-12 09:34:37.061  INFO 9128 --- [main] ConditionEvaluationReportLoggingListener : 

Error starting ApplicationContext. To display the conditions report re-run your application with 'debug' enabled.
2020-10-12 09:34:37.234 ERROR 9128 --- [main] o.s.b.d.LoggingFailureAnalysisReporter   : 

***************************
APPLICATION FAILED TO START
***************************

Description:

A component required a bean named 'entityManagerFactory' that could not be found.


Action:

Consider defining a bean named 'entityManagerFactory' in your configuration.

2020-10-12 09:39:32.444  INFO 3628 --- [main] o.s.boot.SpringApplication               : 
  .   ____          _            __ _ _
 /\\ / ___'_ __ _ _(_)_ __  __ _ \ \ \ \
( ( )\___ | '_ | '_| | '_ \/ _` | \ \ \ \
 \\/  ___)| |_)| | | | | || (_| |  ) ) ) )
  '  |____| .__|_| |_|_| |_\__, | / / / /
 =========|_|==============|___/=/_/_/_/
[32m :: Spring Boot :: [39m      [2m (v2.3.4.RELEASE)[0;39m


2020-10-12 09:39:32.633  INFO 3628 --- [main] com.EmployeeCurdjpaApplication           : Starting EmployeeCurdjpaApplication on INV-JUSTINE with PID 3628 (C:\Users\hp\Documents\workspace-spring-tool-suite-4-4.8.0.RELEASE\EmployeeCURDJPA\target\classes started by hp in C:\Users\hp\Documents\workspace-spring-tool-suite-4-4.8.0.RELEASE\EmployeeCURDJPA)
2020-10-12 09:39:32.635  INFO 3628 --- [main] com.EmployeeCurdjpaApplication           : No active profile set, falling back to default profiles: default
2020-10-12 09:39:36.121  INFO 3628 --- [main] trationDelegate$BeanPostProcessorChecker : Bean 'org.springframework.ws.config.annotation.DelegatingWsConfiguration' of type [org.springframework.ws.config.annotation.DelegatingWsConfiguration$$EnhancerBySpringCGLIB$$ae150188] is not eligible for getting processed by all BeanPostProcessors (for example: not eligible for auto-proxying)
2020-10-12 09:39:36.253  INFO 3628 --- [main] .w.s.a.s.AnnotationActionEndpointMapping : Supporting [WS-Addressing August 2004, WS-Addressing 1.0]
2020-10-12 09:39:36.677  INFO 3628 --- [main] o.s.b.w.embedded.tomcat.TomcatWebServer  : Tomcat initialized with port(s): 8080 (http)
2020-10-12 09:39:36.693  INFO 3628 --- [main] o.apache.catalina.core.StandardService   : Starting service [Tomcat]
2020-10-12 09:39:36.694  INFO 3628 --- [main] org.apache.catalina.core.StandardEngine  : Starting Servlet engine: [Apache Tomcat/9.0.38]
2020-10-12 09:39:36.978  INFO 3628 --- [main] o.a.c.c.C.[Tomcat].[localhost].[/]       : Initializing Spring embedded WebApplicationContext
2020-10-12 09:39:36.978  INFO 3628 --- [main] w.s.c.ServletWebServerApplicationContext : Root WebApplicationContext: initialization completed in 4196 ms
2020-10-12 09:39:37.114  WARN 3628 --- [main] ConfigServletWebServerApplicationContext : Exception encountered during context initialization - cancelling refresh attempt: org.springframework.beans.factory.UnsatisfiedDependencyException: Error creating bean with name 'controller': Unsatisfied dependency expressed through field 'emprepo'; nested exception is org.springframework.beans.factory.NoSuchBeanDefinitionException: No qualifying bean of type 'com.dao.ResourceRepository' available: expected at least 1 bean which qualifies as autowire candidate. Dependency annotations: {@org.springframework.beans.factory.annotation.Autowired(required=true)}
2020-10-12 09:39:37.120  INFO 3628 --- [main] o.apache.catalina.core.StandardService   : Stopping service [Tomcat]
2020-10-12 09:39:37.156  INFO 3628 --- [main] ConditionEvaluationReportLoggingListener : 

Error starting ApplicationContext. To display the conditions report re-run your application with 'debug' enabled.
2020-10-12 09:39:37.535 ERROR 3628 --- [main] o.s.b.d.LoggingFailureAnalysisReporter   : 

***************************
APPLICATION FAILED TO START
***************************

Description:

Field emprepo in com.controller.Controller required a bean of type 'com.dao.ResourceRepository' that could not be found.

The injection point has the following annotations:
	- @org.springframework.beans.factory.annotation.Autowired(required=true)


Action:

Consider defining a bean of type 'com.dao.ResourceRepository' in your configuration.

2020-10-12 09:48:10.045  INFO 8300 --- [main] o.s.boot.SpringApplication               : 
  .   ____          _            __ _ _
 /\\ / ___'_ __ _ _(_)_ __  __ _ \ \ \ \
( ( )\___ | '_ | '_| | '_ \/ _` | \ \ \ \
 \\/  ___)| |_)| | | | | || (_| |  ) ) ) )
  '  |____| .__|_| |_|_| |_\__, | / / / /
 =========|_|==============|___/=/_/_/_/
[32m :: Spring Boot :: [39m      [2m (v2.3.4.RELEASE)[0;39m


2020-10-12 09:48:10.230  INFO 8300 --- [main] com.EmployeeCurdjpaApplication           : Starting EmployeeCurdjpaApplication on INV-JUSTINE with PID 8300 (C:\Users\hp\Documents\workspace-spring-tool-suite-4-4.8.0.RELEASE\EmployeeCURDJPA\target\classes started by hp in C:\Users\hp\Documents\workspace-spring-tool-suite-4-4.8.0.RELEASE\EmployeeCURDJPA)
2020-10-12 09:48:10.234  INFO 8300 --- [main] com.EmployeeCurdjpaApplication           : No active profile set, falling back to default profiles: default
2020-10-12 09:48:13.850  INFO 8300 --- [main] trationDelegate$BeanPostProcessorChecker : Bean 'org.springframework.ws.config.annotation.DelegatingWsConfiguration' of type [org.springframework.ws.config.annotation.DelegatingWsConfiguration$$EnhancerBySpringCGLIB$$aadd6ab0] is not eligible for getting processed by all BeanPostProcessors (for example: not eligible for auto-proxying)
2020-10-12 09:48:13.970  INFO 8300 --- [main] .w.s.a.s.AnnotationActionEndpointMapping : Supporting [WS-Addressing August 2004, WS-Addressing 1.0]
2020-10-12 09:48:14.416  INFO 8300 --- [main] o.s.b.w.embedded.tomcat.TomcatWebServer  : Tomcat initialized with port(s): 8080 (http)
2020-10-12 09:48:14.429  INFO 8300 --- [main] o.apache.catalina.core.StandardService   : Starting service [Tomcat]
2020-10-12 09:48:14.429  INFO 8300 --- [main] org.apache.catalina.core.StandardEngine  : Starting Servlet engine: [Apache Tomcat/9.0.38]
2020-10-12 09:48:14.699  INFO 8300 --- [main] o.a.c.c.C.[Tomcat].[localhost].[/]       : Initializing Spring embedded WebApplicationContext
2020-10-12 09:48:14.700  INFO 8300 --- [main] w.s.c.ServletWebServerApplicationContext : Root WebApplicationContext: initialization completed in 4330 ms
2020-10-12 09:48:14.819  WARN 8300 --- [main] ConfigServletWebServerApplicationContext : Exception encountered during context initialization - cancelling refresh attempt: org.springframework.beans.factory.UnsatisfiedDependencyException: Error creating bean with name 'controller': Unsatisfied dependency expressed through field 'emprepo'; nested exception is org.springframework.beans.factory.NoSuchBeanDefinitionException: No qualifying bean of type 'com.dao.ResourceRepository' available: expected at least 1 bean which qualifies as autowire candidate. Dependency annotations: {@org.springframework.beans.factory.annotation.Autowired(required=true)}
2020-10-12 09:48:14.824  INFO 8300 --- [main] o.apache.catalina.core.StandardService   : Stopping service [Tomcat]
2020-10-12 09:48:14.859  INFO 8300 --- [main] ConditionEvaluationReportLoggingListener : 

Error starting ApplicationContext. To display the conditions report re-run your application with 'debug' enabled.
2020-10-12 09:48:15.137 ERROR 8300 --- [main] o.s.b.d.LoggingFailureAnalysisReporter   : 

***************************
APPLICATION FAILED TO START
***************************

Description:

Field emprepo in com.controller.Controller required a bean of type 'com.dao.ResourceRepository' that could not be found.

The injection point has the following annotations:
	- @org.springframework.beans.factory.annotation.Autowired(required=true)


Action:

Consider defining a bean of type 'com.dao.ResourceRepository' in your configuration.

2020-10-12 09:51:57.617  INFO 2828 --- [main] o.s.boot.SpringApplication               : 
  .   ____          _            __ _ _
 /\\ / ___'_ __ _ _(_)_ __  __ _ \ \ \ \
( ( )\___ | '_ | '_| | '_ \/ _` | \ \ \ \
 \\/  ___)| |_)| | | | | || (_| |  ) ) ) )
  '  |____| .__|_| |_|_| |_\__, | / / / /
 =========|_|==============|___/=/_/_/_/
[32m :: Spring Boot :: [39m      [2m (v2.3.4.RELEASE)[0;39m


2020-10-12 09:51:57.823  INFO 2828 --- [main] com.EmployeeCurdjpaApplication           : Starting EmployeeCurdjpaApplication on INV-JUSTINE with PID 2828 (C:\Users\hp\Documents\workspace-spring-tool-suite-4-4.8.0.RELEASE\EmployeeCURDJPA\target\classes started by hp in C:\Users\hp\Documents\workspace-spring-tool-suite-4-4.8.0.RELEASE\EmployeeCURDJPA)
2020-10-12 09:51:57.824  INFO 2828 --- [main] com.EmployeeCurdjpaApplication           : No active profile set, falling back to default profiles: default
2020-10-12 09:52:00.968  INFO 2828 --- [main] .s.d.r.c.RepositoryConfigurationDelegate : Bootstrapping Spring Data JPA repositories in DEFAULT mode.
2020-10-12 09:52:01.180  INFO 2828 --- [main] .s.d.r.c.RepositoryConfigurationDelegate : Finished Spring Data repository scanning in 176ms. Found 1 JPA repository interfaces.
2020-10-12 09:52:02.119  INFO 2828 --- [main] trationDelegate$BeanPostProcessorChecker : Bean 'org.springframework.ws.config.annotation.DelegatingWsConfiguration' of type [org.springframework.ws.config.annotation.DelegatingWsConfiguration$$EnhancerBySpringCGLIB$$70b88e2c] is not eligible for getting processed by all BeanPostProcessors (for example: not eligible for auto-proxying)
2020-10-12 09:52:02.291  INFO 2828 --- [main] .w.s.a.s.AnnotationActionEndpointMapping : Supporting [WS-Addressing August 2004, WS-Addressing 1.0]
2020-10-12 09:52:02.869  INFO 2828 --- [main] o.s.b.w.embedded.tomcat.TomcatWebServer  : Tomcat initialized with port(s): 8080 (http)
2020-10-12 09:52:02.884  INFO 2828 --- [main] o.apache.catalina.core.StandardService   : Starting service [Tomcat]
2020-10-12 09:52:02.886  INFO 2828 --- [main] org.apache.catalina.core.StandardEngine  : Starting Servlet engine: [Apache Tomcat/9.0.38]
2020-10-12 09:52:03.197  INFO 2828 --- [main] o.a.c.c.C.[Tomcat].[localhost].[/]       : Initializing Spring embedded WebApplicationContext
2020-10-12 09:52:03.198  INFO 2828 --- [main] w.s.c.ServletWebServerApplicationContext : Root WebApplicationContext: initialization completed in 5209 ms
2020-10-12 09:52:03.445  WARN 2828 --- [main] ConfigServletWebServerApplicationContext : Exception encountered during context initialization - cancelling refresh attempt: org.springframework.beans.factory.UnsatisfiedDependencyException: Error creating bean with name 'controller': Unsatisfied dependency expressed through field 'emprepo'; nested exception is org.springframework.beans.factory.BeanCreationException: Error creating bean with name 'resourceRepository' defined in com.dao.ResourceRepository defined in @EnableJpaRepositories declared on EmployeeCurdjpaApplication: Cannot create inner bean '(inner bean)#32d46229' of type [org.springframework.orm.jpa.SharedEntityManagerCreator] while setting bean property 'entityManager'; nested exception is org.springframework.beans.factory.BeanCreationException: Error creating bean with name '(inner bean)#32d46229': Cannot resolve reference to bean 'entityManagerFactory' while setting constructor argument; nested exception is org.springframework.beans.factory.NoSuchBeanDefinitionException: No bean named 'entityManagerFactory' available
2020-10-12 09:52:03.459  INFO 2828 --- [main] o.apache.catalina.core.StandardService   : Stopping service [Tomcat]
2020-10-12 09:52:03.534  INFO 2828 --- [main] ConditionEvaluationReportLoggingListener : 

Error starting ApplicationContext. To display the conditions report re-run your application with 'debug' enabled.
2020-10-12 09:52:03.792 ERROR 2828 --- [main] o.s.b.d.LoggingFailureAnalysisReporter   : 

***************************
APPLICATION FAILED TO START
***************************

Description:

Field emprepo in com.controller.Controller required a bean named 'entityManagerFactory' that could not be found.

The injection point has the following annotations:
	- @org.springframework.beans.factory.annotation.Autowired(required=true)


Action:

Consider defining a bean named 'entityManagerFactory' in your configuration.

2020-10-12 09:57:27.897  INFO 8124 --- [main] o.s.boot.SpringApplication               : 
  .   ____          _            __ _ _
 /\\ / ___'_ __ _ _(_)_ __  __ _ \ \ \ \
( ( )\___ | '_ | '_| | '_ \/ _` | \ \ \ \
 \\/  ___)| |_)| | | | | || (_| |  ) ) ) )
  '  |____| .__|_| |_|_| |_\__, | / / / /
 =========|_|==============|___/=/_/_/_/
[32m :: Spring Boot :: [39m      [2m (v2.3.4.RELEASE)[0;39m


2020-10-12 09:57:28.113  INFO 8124 --- [main] com.EmployeeCurdjpaApplication           : Starting EmployeeCurdjpaApplication on INV-JUSTINE with PID 8124 (C:\Users\hp\Documents\workspace-spring-tool-suite-4-4.8.0.RELEASE\EmployeeCURDJPA\target\classes started by hp in C:\Users\hp\Documents\workspace-spring-tool-suite-4-4.8.0.RELEASE\EmployeeCURDJPA)
2020-10-12 09:57:28.115  INFO 8124 --- [main] com.EmployeeCurdjpaApplication           : No active profile set, falling back to default profiles: default
2020-10-12 09:57:31.488  INFO 8124 --- [main] .s.d.r.c.RepositoryConfigurationDelegate : Bootstrapping Spring Data JPA repositories in DEFAULT mode.
2020-10-12 09:57:31.735  INFO 8124 --- [main] .s.d.r.c.RepositoryConfigurationDelegate : Finished Spring Data repository scanning in 214ms. Found 1 JPA repository interfaces.
2020-10-12 09:57:32.584  INFO 8124 --- [main] trationDelegate$BeanPostProcessorChecker : Bean 'org.springframework.ws.config.annotation.DelegatingWsConfiguration' of type [org.springframework.ws.config.annotation.DelegatingWsConfiguration$$EnhancerBySpringCGLIB$$6ffd60f6] is not eligible for getting processed by all BeanPostProcessors (for example: not eligible for auto-proxying)
2020-10-12 09:57:32.746  INFO 8124 --- [main] .w.s.a.s.AnnotationActionEndpointMapping : Supporting [WS-Addressing August 2004, WS-Addressing 1.0]
2020-10-12 09:57:33.328  INFO 8124 --- [main] o.s.b.w.embedded.tomcat.TomcatWebServer  : Tomcat initialized with port(s): 8080 (http)
2020-10-12 09:57:33.346  INFO 8124 --- [main] o.apache.catalina.core.StandardService   : Starting service [Tomcat]
2020-10-12 09:57:33.347  INFO 8124 --- [main] org.apache.catalina.core.StandardEngine  : Starting Servlet engine: [Apache Tomcat/9.0.38]
2020-10-12 09:57:33.635  INFO 8124 --- [main] o.a.c.c.C.[Tomcat].[localhost].[/]       : Initializing Spring embedded WebApplicationContext
2020-10-12 09:57:33.637  INFO 8124 --- [main] w.s.c.ServletWebServerApplicationContext : Root WebApplicationContext: initialization completed in 5354 ms
2020-10-12 09:57:33.841  WARN 8124 --- [main] ConfigServletWebServerApplicationContext : Exception encountered during context initialization - cancelling refresh attempt: org.springframework.beans.factory.UnsatisfiedDependencyException: Error creating bean with name 'controller': Unsatisfied dependency expressed through field 'emprepo'; nested exception is org.springframework.beans.factory.BeanCreationException: Error creating bean with name 'resourceRepository' defined in com.dao.ResourceRepository defined in @EnableJpaRepositories declared on EmployeeCurdjpaApplication: Cannot create inner bean '(inner bean)#28c75c93' of type [org.springframework.orm.jpa.SharedEntityManagerCreator] while setting bean property 'entityManager'; nested exception is org.springframework.beans.factory.BeanCreationException: Error creating bean with name '(inner bean)#28c75c93': Cannot resolve reference to bean 'entityManagerFactory' while setting constructor argument; nested exception is org.springframework.beans.factory.NoSuchBeanDefinitionException: No bean named 'entityManagerFactory' available
2020-10-12 09:57:33.846  INFO 8124 --- [main] o.apache.catalina.core.StandardService   : Stopping service [Tomcat]
2020-10-12 09:57:33.908  INFO 8124 --- [main] ConditionEvaluationReportLoggingListener : 

Error starting ApplicationContext. To display the conditions report re-run your application with 'debug' enabled.
2020-10-12 09:57:34.096 ERROR 8124 --- [main] o.s.b.d.LoggingFailureAnalysisReporter   : 

***************************
APPLICATION FAILED TO START
***************************

Description:

Field emprepo in com.controller.Controller required a bean named 'entityManagerFactory' that could not be found.

The injection point has the following annotations:
	- @org.springframework.beans.factory.annotation.Autowired(required=true)


Action:

Consider defining a bean named 'entityManagerFactory' in your configuration.

2020-10-12 14:11:01.960  INFO 5820 --- [main] o.s.boot.SpringApplication               : 
  .   ____          _            __ _ _
 /\\ / ___'_ __ _ _(_)_ __  __ _ \ \ \ \
( ( )\___ | '_ | '_| | '_ \/ _` | \ \ \ \
 \\/  ___)| |_)| | | | | || (_| |  ) ) ) )
  '  |____| .__|_| |_|_| |_\__, | / / / /
 =========|_|==============|___/=/_/_/_/
[32m :: Spring Boot :: [39m      [2m (v2.3.4.RELEASE)[0;39m


2020-10-12 14:11:02.207  INFO 5820 --- [main] com.EmployeeCurdjpaApplication           : Starting EmployeeCurdjpaApplication on INV-JUSTINE with PID 5820 (C:\Users\hp\Documents\workspace-spring-tool-suite-4-4.8.0.RELEASE\EmployeeCURDJPA\target\classes started by hp in C:\Users\hp\Documents\workspace-spring-tool-suite-4-4.8.0.RELEASE\EmployeeCURDJPA)
2020-10-12 14:11:02.209  INFO 5820 --- [main] com.EmployeeCurdjpaApplication           : No active profile set, falling back to default profiles: default
2020-10-12 14:11:06.135  INFO 5820 --- [main] .s.d.r.c.RepositoryConfigurationDelegate : Bootstrapping Spring Data JPA repositories in DEFAULT mode.
2020-10-12 14:11:09.724  INFO 5820 --- [main] .s.d.r.c.RepositoryConfigurationDelegate : Finished Spring Data repository scanning in 3564ms. Found 1 JPA repository interfaces.
2020-10-12 14:11:11.183  INFO 5820 --- [main] trationDelegate$BeanPostProcessorChecker : Bean 'org.springframework.ws.config.annotation.DelegatingWsConfiguration' of type [org.springframework.ws.config.annotation.DelegatingWsConfiguration$$EnhancerBySpringCGLIB$$203b3ac3] is not eligible for getting processed by all BeanPostProcessors (for example: not eligible for auto-proxying)
2020-10-12 14:11:11.332  INFO 5820 --- [main] .w.s.a.s.AnnotationActionEndpointMapping : Supporting [WS-Addressing August 2004, WS-Addressing 1.0]
2020-10-12 14:11:11.912  INFO 5820 --- [main] o.s.b.w.embedded.tomcat.TomcatWebServer  : Tomcat initialized with port(s): 8080 (http)
2020-10-12 14:11:11.930  INFO 5820 --- [main] o.apache.catalina.core.StandardService   : Starting service [Tomcat]
2020-10-12 14:11:11.931  INFO 5820 --- [main] org.apache.catalina.core.StandardEngine  : Starting Servlet engine: [Apache Tomcat/9.0.38]
2020-10-12 14:11:12.409  INFO 5820 --- [main] o.a.c.c.C.[Tomcat].[localhost].[/]       : Initializing Spring embedded WebApplicationContext
2020-10-12 14:11:12.409  INFO 5820 --- [main] w.s.c.ServletWebServerApplicationContext : Root WebApplicationContext: initialization completed in 10034 ms
2020-10-12 14:11:12.643  WARN 5820 --- [main] ConfigServletWebServerApplicationContext : Exception encountered during context initialization - cancelling refresh attempt: org.springframework.beans.factory.UnsatisfiedDependencyException: Error creating bean with name 'controller': Unsatisfied dependency expressed through field 'emprepo'; nested exception is org.springframework.beans.factory.BeanCreationException: Error creating bean with name 'resourceRepository' defined in com.dao.ResourceRepository defined in @EnableJpaRepositories declared on EmployeeCurdjpaApplication: Cannot create inner bean '(inner bean)#361a1e86' of type [org.springframework.orm.jpa.SharedEntityManagerCreator] while setting bean property 'entityManager'; nested exception is org.springframework.beans.factory.BeanCreationException: Error creating bean with name '(inner bean)#361a1e86': Cannot resolve reference to bean 'entityManagerFactory' while setting constructor argument; nested exception is org.springframework.beans.factory.NoSuchBeanDefinitionException: No bean named 'entityManagerFactory' available
2020-10-12 14:11:12.650  INFO 5820 --- [main] o.apache.catalina.core.StandardService   : Stopping service [Tomcat]
2020-10-12 14:11:12.699  INFO 5820 --- [main] ConditionEvaluationReportLoggingListener : 

Error starting ApplicationContext. To display the conditions report re-run your application with 'debug' enabled.
2020-10-12 14:11:12.901 ERROR 5820 --- [main] o.s.b.d.LoggingFailureAnalysisReporter   : 

***************************
APPLICATION FAILED TO START
***************************

Description:

Field emprepo in com.controller.Controller required a bean named 'entityManagerFactory' that could not be found.

The injection point has the following annotations:
	- @org.springframework.beans.factory.annotation.Autowired(required=true)


Action:

Consider defining a bean named 'entityManagerFactory' in your configuration.

2020-10-12 14:14:24.296  INFO 3036 --- [main] o.s.boot.SpringApplication               : 
  .   ____          _            __ _ _
 /\\ / ___'_ __ _ _(_)_ __  __ _ \ \ \ \
( ( )\___ | '_ | '_| | '_ \/ _` | \ \ \ \
 \\/  ___)| |_)| | | | | || (_| |  ) ) ) )
  '  |____| .__|_| |_|_| |_\__, | / / / /
 =========|_|==============|___/=/_/_/_/
[32m :: Spring Boot :: [39m      [2m (v2.3.4.RELEASE)[0;39m


2020-10-12 14:14:24.466  INFO 3036 --- [main] com.EmployeeCurdjpaApplication           : Starting EmployeeCurdjpaApplication on INV-JUSTINE with PID 3036 (C:\Users\hp\Documents\workspace-spring-tool-suite-4-4.8.0.RELEASE\EmployeeCURDJPA\target\classes started by hp in C:\Users\hp\Documents\workspace-spring-tool-suite-4-4.8.0.RELEASE\EmployeeCURDJPA)
2020-10-12 14:14:24.468  INFO 3036 --- [main] com.EmployeeCurdjpaApplication           : No active profile set, falling back to default profiles: default
2020-10-12 14:14:32.400  INFO 3036 --- [main] .s.d.r.c.RepositoryConfigurationDelegate : Bootstrapping Spring Data JPA repositories in DEFERRED mode.
2020-10-12 14:14:36.352  INFO 3036 --- [main] .s.d.r.c.RepositoryConfigurationDelegate : Finished Spring Data repository scanning in 3910ms. Found 1 JPA repository interfaces.
2020-10-12 14:14:37.515  INFO 3036 --- [main] trationDelegate$BeanPostProcessorChecker : Bean 'org.springframework.ws.config.annotation.DelegatingWsConfiguration' of type [org.springframework.ws.config.annotation.DelegatingWsConfiguration$$EnhancerBySpringCGLIB$$ded7b58e] is not eligible for getting processed by all BeanPostProcessors (for example: not eligible for auto-proxying)
2020-10-12 14:14:37.738  INFO 3036 --- [main] .w.s.a.s.AnnotationActionEndpointMapping : Supporting [WS-Addressing August 2004, WS-Addressing 1.0]
2020-10-12 14:14:39.398  INFO 3036 --- [main] o.s.b.w.embedded.tomcat.TomcatWebServer  : Tomcat initialized with port(s): 8080 (http)
2020-10-12 14:14:39.421  INFO 3036 --- [main] o.apache.catalina.core.StandardService   : Starting service [Tomcat]
2020-10-12 14:14:39.473  INFO 3036 --- [main] org.apache.catalina.core.StandardEngine  : Starting Servlet engine: [Apache Tomcat/9.0.38]
2020-10-12 14:14:40.278  INFO 3036 --- [main] o.a.c.c.C.[Tomcat].[localhost].[/]       : Initializing Spring embedded WebApplicationContext
2020-10-12 14:14:40.340  INFO 3036 --- [main] w.s.c.ServletWebServerApplicationContext : Root WebApplicationContext: initialization completed in 15750 ms
2020-10-12 14:14:43.955  INFO 3036 --- [main] o.s.s.concurrent.ThreadPoolTaskExecutor  : Initializing ExecutorService 'applicationTaskExecutor'
2020-10-12 14:14:45.256  INFO 3036 --- [task-1] o.hibernate.jpa.internal.util.LogHelper  : HHH000204: Processing PersistenceUnitInfo [name: default]
2020-10-12 14:14:45.662  INFO 3036 --- [task-1] org.hibernate.Version                    : HHH000412: Hibernate ORM core version 5.4.21.Final
2020-10-12 14:14:45.952  WARN 3036 --- [main] JpaBaseConfiguration$JpaWebConfiguration : spring.jpa.open-in-view is enabled by default. Therefore, database queries may be performed during view rendering. Explicitly configure spring.jpa.open-in-view to disable this warning
2020-10-12 14:14:46.553  INFO 3036 --- [task-1] o.hibernate.annotations.common.Version   : HCANN000001: Hibernate Commons Annotations {5.1.0.Final}
2020-10-12 14:14:47.272  INFO 3036 --- [task-1] com.zaxxer.hikari.HikariDataSource       : HikariPool-1 - Starting...
2020-10-12 14:14:47.562  INFO 3036 --- [main] o.s.b.w.embedded.tomcat.TomcatWebServer  : Tomcat started on port(s): 8080 (http) with context path ''
2020-10-12 14:14:47.566  INFO 3036 --- [main] DeferredRepositoryInitializationListener : Triggering deferred initialization of Spring Data repositories…
2020-10-12 14:14:48.187  INFO 3036 --- [task-1] com.zaxxer.hikari.HikariDataSource       : HikariPool-1 - Start completed.
2020-10-12 14:14:48.249  INFO 3036 --- [task-1] org.hibernate.dialect.Dialect            : HHH000400: Using dialect: org.hibernate.dialect.MySQL5InnoDBDialect
2020-10-12 14:14:51.073  INFO 3036 --- [task-1] o.h.e.t.j.p.i.JtaPlatformInitiator       : HHH000490: Using JtaPlatform implementation: [org.hibernate.engine.transaction.jta.platform.internal.NoJtaPlatform]
2020-10-12 14:14:51.095  INFO 3036 --- [task-1] j.LocalContainerEntityManagerFactoryBean : Initialized JPA EntityManagerFactory for persistence unit 'default'
2020-10-12 14:14:51.710  INFO 3036 --- [main] DeferredRepositoryInitializationListener : Spring Data repositories initialized!
2020-10-12 14:14:51.750  INFO 3036 --- [main] com.EmployeeCurdjpaApplication           : Started EmployeeCurdjpaApplication in 28.374 seconds (JVM running for 30.933)
2020-10-12 14:15:59.191  INFO 3036 --- [RMI TCP Connection(8)-127.0.0.1] inMXBeanRegistrar$SpringApplicationAdmin : Application shutdown requested.
2020-10-12 14:15:59.396  INFO 3036 --- [RMI TCP Connection(8)-127.0.0.1] j.LocalContainerEntityManagerFactoryBean : Closing JPA EntityManagerFactory for persistence unit 'default'
2020-10-12 14:15:59.403  INFO 3036 --- [RMI TCP Connection(8)-127.0.0.1] o.s.s.concurrent.ThreadPoolTaskExecutor  : Shutting down ExecutorService 'applicationTaskExecutor'
2020-10-12 14:15:59.404  INFO 3036 --- [RMI TCP Connection(8)-127.0.0.1] com.zaxxer.hikari.HikariDataSource       : HikariPool-1 - Shutdown initiated...
2020-10-12 14:15:59.479  INFO 3036 --- [RMI TCP Connection(8)-127.0.0.1] com.zaxxer.hikari.HikariDataSource       : HikariPool-1 - Shutdown completed.
